<?xml version="1.0" encoding="UTF-8"?>
<testng-results ignored="0" total="52" passed="0" failed="52" skipped="0">
  <reporter-output>
  </reporter-output>
  <suite started-at="2025-02-12T12:21:21 EST" name="Default suite" finished-at="2025-02-12T12:21:27 EST" duration-ms="6585">
    <groups>
      <group name="cucumber">
        <method signature="AbstractTestNGCucumberTests.runScenario(io.cucumber.testng.PickleWrapper,io.cucumber.testng.FeatureWrapper)[pri:0, instance:dsAlgo_TestRunner.TestRunner@5a18cd76]" name="runScenario" class="io.cucumber.testng.AbstractTestNGCucumberTests"/>
      </group> <!-- cucumber -->
    </groups>
    <test started-at="2025-02-12T12:21:21 EST" name="Default test" finished-at="2025-02-12T12:21:27 EST" duration-ms="6585">
      <class name="dsAlgo_TestRunner.TestRunner">
        <test-method is-config="true" signature="setUpClass(org.testng.ITestContext)[pri:0, instance:dsAlgo_TestRunner.TestRunner@5a18cd76]" started-at="2025-02-12T12:21:21 EST" name="setUpClass" finished-at="2025-02-12T12:21:22 EST" duration-ms="792" status="PASS">
          <params>
            <param index="0">
              <value>
                <![CDATA[org.testng.TestRunner@76464795]]>
              </value>
            </param>
          </params>
          <reporter-output>
          </reporter-output>
        </test-method> <!-- setUpClass -->
        <test-method signature="runScenario(io.cucumber.testng.PickleWrapper,io.cucumber.testng.FeatureWrapper)[pri:0, instance:dsAlgo_TestRunner.TestRunner@5a18cd76]" started-at="2025-02-12T12:21:22 EST" name="runScenario" description="Runs Cucumber Scenarios" data-provider="scenarios" finished-at="2025-02-12T12:21:22 EST" duration-ms="270" status="FAIL">
          <params>
            <param index="0">
              <value>
                <![CDATA["Verify that the user is able to navigate to the home page"]]>
              </value>
            </param>
            <param index="1">
              <value>
                <![CDATA["Home Page"]]>
              </value>
            </param>
          </params>
          <exception class="java.lang.NullPointerException">
            <message>
              <![CDATA[Cannot invoke "org.openqa.selenium.WebDriver.get(String)" because "this.driver" is null]]>
            </message>
            <full-stacktrace>
              <![CDATA[java.lang.NullPointerException: Cannot invoke "org.openqa.selenium.WebDriver.get(String)" because "this.driver" is null
at dsAlgo_PageFactory.Home_PageFactory.launchURL(Home_PageFactory.java:45)
at dsAlgo_StepDefinition.Home.user_is_in_the_ds_algo_launch_page(Home.java:26)
at ✽.User is in the ds-algo launch page(file:///C:/Users/rinuh/eclipse-workspace/DsAlgo_CodeCrackers/src/test/resources/features/A_Home.feature:4)
]]>
            </full-stacktrace>
          </exception> <!-- java.lang.NullPointerException -->
          <reporter-output>
          </reporter-output>
        </test-method> <!-- runScenario -->
        <test-method signature="runScenario(io.cucumber.testng.PickleWrapper,io.cucumber.testng.FeatureWrapper)[pri:0, instance:dsAlgo_TestRunner.TestRunner@5a18cd76]" started-at="2025-02-12T12:21:22 EST" name="runScenario" description="Runs Cucumber Scenarios" data-provider="scenarios" finished-at="2025-02-12T12:21:22 EST" duration-ms="50" status="FAIL">
          <params>
            <param index="0">
              <value>
                <![CDATA["Verify that the user can view Data Structures dropdown options without signing in"]]>
              </value>
            </param>
            <param index="1">
              <value>
                <![CDATA["Home Page"]]>
              </value>
            </param>
          </params>
          <exception class="java.lang.NullPointerException">
            <message>
              <![CDATA[Cannot invoke "org.openqa.selenium.SearchContext.findElement(org.openqa.selenium.By)" because "this.searchContext" is null]]>
            </message>
            <full-stacktrace>
              <![CDATA[java.lang.NullPointerException: Cannot invoke "org.openqa.selenium.SearchContext.findElement(org.openqa.selenium.By)" because "this.searchContext" is null
at org.openqa.selenium.support.pagefactory.DefaultElementLocator.findElement(DefaultElementLocator.java:68)
at org.openqa.selenium.support.pagefactory.internal.LocatingElementHandler.invoke(LocatingElementHandler.java:38)
at jdk.proxy2/jdk.proxy2.$Proxy25.click(Unknown Source)
at dsAlgo_PageFactory.Home_PageFactory.dataStructureDropDownClick(Home_PageFactory.java:61)
at dsAlgo_StepDefinition.Home.user_clicks_on_the_data_structures_dropdown(Home.java:49)
at ✽.User clicks on the Data Structures dropdown(file:///C:/Users/rinuh/eclipse-workspace/DsAlgo_CodeCrackers/src/test/resources/features/A_Home.feature:9)
]]>
            </full-stacktrace>
          </exception> <!-- java.lang.NullPointerException -->
          <reporter-output>
          </reporter-output>
        </test-method> <!-- runScenario -->
        <test-method signature="runScenario(io.cucumber.testng.PickleWrapper,io.cucumber.testng.FeatureWrapper)[pri:0, instance:dsAlgo_TestRunner.TestRunner@5a18cd76]" started-at="2025-02-12T12:21:22 EST" name="runScenario" description="Runs Cucumber Scenarios" data-provider="scenarios" finished-at="2025-02-12T12:21:22 EST" duration-ms="31" status="FAIL">
          <params>
            <param index="0">
              <value>
                <![CDATA["Verify warning message when selecting Arrays without signing in"]]>
              </value>
            </param>
            <param index="1">
              <value>
                <![CDATA["Home Page"]]>
              </value>
            </param>
          </params>
          <exception class="java.lang.NullPointerException">
            <message>
              <![CDATA[Cannot invoke "org.openqa.selenium.SearchContext.findElement(org.openqa.selenium.By)" because "this.searchContext" is null]]>
            </message>
            <full-stacktrace>
              <![CDATA[java.lang.NullPointerException: Cannot invoke "org.openqa.selenium.SearchContext.findElement(org.openqa.selenium.By)" because "this.searchContext" is null
at org.openqa.selenium.support.pagefactory.DefaultElementLocator.findElement(DefaultElementLocator.java:68)
at org.openqa.selenium.support.pagefactory.internal.LocatingElementHandler.invoke(LocatingElementHandler.java:38)
at jdk.proxy2/jdk.proxy2.$Proxy25.click(Unknown Source)
at dsAlgo_PageFactory.Home_PageFactory.arraysBtnClick(Home_PageFactory.java:65)
at dsAlgo_StepDefinition.Home.user_selects_arrays_from_the_dropdown_without_signing_in(Home.java:60)
at ✽.User selects Arrays from the dropdown without signing in(file:///C:/Users/rinuh/eclipse-workspace/DsAlgo_CodeCrackers/src/test/resources/features/A_Home.feature:13)
]]>
            </full-stacktrace>
          </exception> <!-- java.lang.NullPointerException -->
          <reporter-output>
          </reporter-output>
        </test-method> <!-- runScenario -->
        <test-method signature="runScenario(io.cucumber.testng.PickleWrapper,io.cucumber.testng.FeatureWrapper)[pri:0, instance:dsAlgo_TestRunner.TestRunner@5a18cd76]" started-at="2025-02-12T12:21:22 EST" name="runScenario" description="Runs Cucumber Scenarios" data-provider="scenarios" finished-at="2025-02-12T12:21:22 EST" duration-ms="61" status="FAIL">
          <params>
            <param index="0">
              <value>
                <![CDATA["Verify warning message when selecting Linked List without signing in"]]>
              </value>
            </param>
            <param index="1">
              <value>
                <![CDATA["Home Page"]]>
              </value>
            </param>
          </params>
          <exception class="java.lang.NullPointerException">
            <message>
              <![CDATA[Cannot invoke "org.openqa.selenium.SearchContext.findElement(org.openqa.selenium.By)" because "this.searchContext" is null]]>
            </message>
            <full-stacktrace>
              <![CDATA[java.lang.NullPointerException: Cannot invoke "org.openqa.selenium.SearchContext.findElement(org.openqa.selenium.By)" because "this.searchContext" is null
at org.openqa.selenium.support.pagefactory.DefaultElementLocator.findElement(DefaultElementLocator.java:68)
at org.openqa.selenium.support.pagefactory.internal.LocatingElementHandler.invoke(LocatingElementHandler.java:38)
at jdk.proxy2/jdk.proxy2.$Proxy25.click(Unknown Source)
at dsAlgo_PageFactory.Home_PageFactory.dataStructureDropDownClick(Home_PageFactory.java:61)
at dsAlgo_StepDefinition.Home.user_selects_linked_list_from_the_dropdown_without_signing_in(Home.java:72)
at ✽.User selects Linked List from the dropdown without signing in(file:///C:/Users/rinuh/eclipse-workspace/DsAlgo_CodeCrackers/src/test/resources/features/A_Home.feature:17)
]]>
            </full-stacktrace>
          </exception> <!-- java.lang.NullPointerException -->
          <reporter-output>
          </reporter-output>
        </test-method> <!-- runScenario -->
        <test-method signature="runScenario(io.cucumber.testng.PickleWrapper,io.cucumber.testng.FeatureWrapper)[pri:0, instance:dsAlgo_TestRunner.TestRunner@5a18cd76]" started-at="2025-02-12T12:21:22 EST" name="runScenario" description="Runs Cucumber Scenarios" data-provider="scenarios" finished-at="2025-02-12T12:21:22 EST" duration-ms="67" status="FAIL">
          <params>
            <param index="0">
              <value>
                <![CDATA["Verify warning message when selecting Stack without signing in"]]>
              </value>
            </param>
            <param index="1">
              <value>
                <![CDATA["Home Page"]]>
              </value>
            </param>
          </params>
          <exception class="java.lang.NullPointerException">
            <message>
              <![CDATA[Cannot invoke "org.openqa.selenium.SearchContext.findElement(org.openqa.selenium.By)" because "this.searchContext" is null]]>
            </message>
            <full-stacktrace>
              <![CDATA[java.lang.NullPointerException: Cannot invoke "org.openqa.selenium.SearchContext.findElement(org.openqa.selenium.By)" because "this.searchContext" is null
at org.openqa.selenium.support.pagefactory.DefaultElementLocator.findElement(DefaultElementLocator.java:68)
at org.openqa.selenium.support.pagefactory.internal.LocatingElementHandler.invoke(LocatingElementHandler.java:38)
at jdk.proxy2/jdk.proxy2.$Proxy25.click(Unknown Source)
at dsAlgo_PageFactory.Home_PageFactory.dataStructureDropDownClick(Home_PageFactory.java:61)
at dsAlgo_StepDefinition.Home.user_selects_stack_from_the_dropdown_without_signing_in(Home.java:78)
at ✽.User selects Stack from the dropdown without signing in(file:///C:/Users/rinuh/eclipse-workspace/DsAlgo_CodeCrackers/src/test/resources/features/A_Home.feature:21)
]]>
            </full-stacktrace>
          </exception> <!-- java.lang.NullPointerException -->
          <reporter-output>
          </reporter-output>
        </test-method> <!-- runScenario -->
        <test-method signature="runScenario(io.cucumber.testng.PickleWrapper,io.cucumber.testng.FeatureWrapper)[pri:0, instance:dsAlgo_TestRunner.TestRunner@5a18cd76]" started-at="2025-02-12T12:21:22 EST" name="runScenario" description="Runs Cucumber Scenarios" data-provider="scenarios" finished-at="2025-02-12T12:21:22 EST" duration-ms="47" status="FAIL">
          <params>
            <param index="0">
              <value>
                <![CDATA["Verify warning message when selecting Queue without signing in"]]>
              </value>
            </param>
            <param index="1">
              <value>
                <![CDATA["Home Page"]]>
              </value>
            </param>
          </params>
          <exception class="java.lang.NullPointerException">
            <message>
              <![CDATA[Cannot invoke "org.openqa.selenium.SearchContext.findElement(org.openqa.selenium.By)" because "this.searchContext" is null]]>
            </message>
            <full-stacktrace>
              <![CDATA[java.lang.NullPointerException: Cannot invoke "org.openqa.selenium.SearchContext.findElement(org.openqa.selenium.By)" because "this.searchContext" is null
at org.openqa.selenium.support.pagefactory.DefaultElementLocator.findElement(DefaultElementLocator.java:68)
at org.openqa.selenium.support.pagefactory.internal.LocatingElementHandler.invoke(LocatingElementHandler.java:38)
at jdk.proxy2/jdk.proxy2.$Proxy25.click(Unknown Source)
at dsAlgo_PageFactory.Home_PageFactory.dataStructureDropDownClick(Home_PageFactory.java:61)
at dsAlgo_StepDefinition.Home.user_selects_queue_from_the_dropdown_without_signing_in(Home.java:84)
at ✽.User selects Queue from the dropdown without signing in(file:///C:/Users/rinuh/eclipse-workspace/DsAlgo_CodeCrackers/src/test/resources/features/A_Home.feature:25)
]]>
            </full-stacktrace>
          </exception> <!-- java.lang.NullPointerException -->
          <reporter-output>
          </reporter-output>
        </test-method> <!-- runScenario -->
        <test-method signature="runScenario(io.cucumber.testng.PickleWrapper,io.cucumber.testng.FeatureWrapper)[pri:0, instance:dsAlgo_TestRunner.TestRunner@5a18cd76]" started-at="2025-02-12T12:21:22 EST" name="runScenario" description="Runs Cucumber Scenarios" data-provider="scenarios" finished-at="2025-02-12T12:21:22 EST" duration-ms="38" status="FAIL">
          <params>
            <param index="0">
              <value>
                <![CDATA["Verify warning message when selecting Tree without signing in"]]>
              </value>
            </param>
            <param index="1">
              <value>
                <![CDATA["Home Page"]]>
              </value>
            </param>
          </params>
          <exception class="java.lang.NullPointerException">
            <message>
              <![CDATA[Cannot invoke "org.openqa.selenium.SearchContext.findElement(org.openqa.selenium.By)" because "this.searchContext" is null]]>
            </message>
            <full-stacktrace>
              <![CDATA[java.lang.NullPointerException: Cannot invoke "org.openqa.selenium.SearchContext.findElement(org.openqa.selenium.By)" because "this.searchContext" is null
at org.openqa.selenium.support.pagefactory.DefaultElementLocator.findElement(DefaultElementLocator.java:68)
at org.openqa.selenium.support.pagefactory.internal.LocatingElementHandler.invoke(LocatingElementHandler.java:38)
at jdk.proxy2/jdk.proxy2.$Proxy25.click(Unknown Source)
at dsAlgo_PageFactory.Home_PageFactory.dataStructureDropDownClick(Home_PageFactory.java:61)
at dsAlgo_StepDefinition.Home.user_selects_tree_from_the_dropdown_without_signing_in(Home.java:90)
at ✽.User selects Tree from the dropdown without signing in(file:///C:/Users/rinuh/eclipse-workspace/DsAlgo_CodeCrackers/src/test/resources/features/A_Home.feature:29)
]]>
            </full-stacktrace>
          </exception> <!-- java.lang.NullPointerException -->
          <reporter-output>
          </reporter-output>
        </test-method> <!-- runScenario -->
        <test-method signature="runScenario(io.cucumber.testng.PickleWrapper,io.cucumber.testng.FeatureWrapper)[pri:0, instance:dsAlgo_TestRunner.TestRunner@5a18cd76]" started-at="2025-02-12T12:21:22 EST" name="runScenario" description="Runs Cucumber Scenarios" data-provider="scenarios" finished-at="2025-02-12T12:21:22 EST" duration-ms="28" status="FAIL">
          <params>
            <param index="0">
              <value>
                <![CDATA["Verify warning message when selecting Graph without signing in"]]>
              </value>
            </param>
            <param index="1">
              <value>
                <![CDATA["Home Page"]]>
              </value>
            </param>
          </params>
          <exception class="java.lang.NullPointerException">
            <message>
              <![CDATA[Cannot invoke "org.openqa.selenium.SearchContext.findElement(org.openqa.selenium.By)" because "this.searchContext" is null]]>
            </message>
            <full-stacktrace>
              <![CDATA[java.lang.NullPointerException: Cannot invoke "org.openqa.selenium.SearchContext.findElement(org.openqa.selenium.By)" because "this.searchContext" is null
at org.openqa.selenium.support.pagefactory.DefaultElementLocator.findElement(DefaultElementLocator.java:68)
at org.openqa.selenium.support.pagefactory.internal.LocatingElementHandler.invoke(LocatingElementHandler.java:38)
at jdk.proxy2/jdk.proxy2.$Proxy25.click(Unknown Source)
at dsAlgo_PageFactory.Home_PageFactory.dataStructureDropDownClick(Home_PageFactory.java:61)
at dsAlgo_StepDefinition.Home.user_selects_graph_from_the_dropdown_without_signing_in(Home.java:96)
at ✽.User selects Graph from the dropdown without signing in(file:///C:/Users/rinuh/eclipse-workspace/DsAlgo_CodeCrackers/src/test/resources/features/A_Home.feature:33)
]]>
            </full-stacktrace>
          </exception> <!-- java.lang.NullPointerException -->
          <reporter-output>
          </reporter-output>
        </test-method> <!-- runScenario -->
        <test-method signature="runScenario(io.cucumber.testng.PickleWrapper,io.cucumber.testng.FeatureWrapper)[pri:0, instance:dsAlgo_TestRunner.TestRunner@5a18cd76]" started-at="2025-02-12T12:21:22 EST" name="runScenario" description="Runs Cucumber Scenarios" data-provider="scenarios" finished-at="2025-02-12T12:21:22 EST" duration-ms="45" status="FAIL">
          <params>
            <param index="0">
              <value>
                <![CDATA["Verify that the user stays on the same page when clicking elsewhere"]]>
              </value>
            </param>
            <param index="1">
              <value>
                <![CDATA["Home Page"]]>
              </value>
            </param>
          </params>
          <exception class="java.lang.NullPointerException">
            <message>
              <![CDATA[Cannot invoke "org.openqa.selenium.WebDriver.get(String)" because "this.driver" is null]]>
            </message>
            <full-stacktrace>
              <![CDATA[java.lang.NullPointerException: Cannot invoke "org.openqa.selenium.WebDriver.get(String)" because "this.driver" is null
at dsAlgo_PageFactory.Home_PageFactory.launchURL(Home_PageFactory.java:45)
at dsAlgo_StepDefinition.Home.user_is_in_the_ds_algo_launch_page(Home.java:26)
at ✽.User is in the ds-algo launch page(file:///C:/Users/rinuh/eclipse-workspace/DsAlgo_CodeCrackers/src/test/resources/features/A_Home.feature:37)
]]>
            </full-stacktrace>
          </exception> <!-- java.lang.NullPointerException -->
          <reporter-output>
          </reporter-output>
        </test-method> <!-- runScenario -->
        <test-method signature="runScenario(io.cucumber.testng.PickleWrapper,io.cucumber.testng.FeatureWrapper)[pri:0, instance:dsAlgo_TestRunner.TestRunner@5a18cd76]" started-at="2025-02-12T12:21:22 EST" name="runScenario" description="Runs Cucumber Scenarios" data-provider="scenarios" finished-at="2025-02-12T12:21:22 EST" duration-ms="25" status="FAIL">
          <params>
            <param index="0">
              <value>
                <![CDATA["Verify that the user is restricted from navigating to the home page"]]>
              </value>
            </param>
            <param index="1">
              <value>
                <![CDATA["Home Page"]]>
              </value>
            </param>
          </params>
          <exception class="java.lang.NullPointerException">
            <message>
              <![CDATA[Cannot invoke "org.openqa.selenium.SearchContext.findElement(org.openqa.selenium.By)" because "this.searchContext" is null]]>
            </message>
            <full-stacktrace>
              <![CDATA[java.lang.NullPointerException: Cannot invoke "org.openqa.selenium.SearchContext.findElement(org.openqa.selenium.By)" because "this.searchContext" is null
at org.openqa.selenium.support.pagefactory.DefaultElementLocator.findElement(DefaultElementLocator.java:68)
at org.openqa.selenium.support.pagefactory.internal.LocatingElementHandler.invoke(LocatingElementHandler.java:38)
at jdk.proxy2/jdk.proxy2.$Proxy25.click(Unknown Source)
at dsAlgo_PageFactory.Home_PageFactory.randomClickMethod(Home_PageFactory.java:89)
at dsAlgo_StepDefinition.Home.user_clicks_on_the_launch_page_other_than_the_get_started_button(Home.java:112)
at ✽.User clicks on the launch page other than the Get Started button(file:///C:/Users/rinuh/eclipse-workspace/DsAlgo_CodeCrackers/src/test/resources/features/A_Home.feature:42)
]]>
            </full-stacktrace>
          </exception> <!-- java.lang.NullPointerException -->
          <reporter-output>
          </reporter-output>
        </test-method> <!-- runScenario -->
        <test-method signature="runScenario(io.cucumber.testng.PickleWrapper,io.cucumber.testng.FeatureWrapper)[pri:0, instance:dsAlgo_TestRunner.TestRunner@5a18cd76]" started-at="2025-02-12T12:21:22 EST" name="runScenario" description="Runs Cucumber Scenarios" data-provider="scenarios" finished-at="2025-02-12T12:21:25 EST" duration-ms="3050" status="FAIL">
          <params>
            <param index="0">
              <value>
                <![CDATA["Verify user enters username and password fields"]]>
              </value>
            </param>
            <param index="1">
              <value>
                <![CDATA["Home Page"]]>
              </value>
            </param>
          </params>
          <exception class="java.lang.NullPointerException">
            <message>
              <![CDATA[Cannot invoke "org.openqa.selenium.SearchContext.findElement(org.openqa.selenium.By)" because "this.searchContext" is null]]>
            </message>
            <full-stacktrace>
              <![CDATA[java.lang.NullPointerException: Cannot invoke "org.openqa.selenium.SearchContext.findElement(org.openqa.selenium.By)" because "this.searchContext" is null
at org.openqa.selenium.support.pagefactory.DefaultElementLocator.findElement(DefaultElementLocator.java:68)
at org.openqa.selenium.support.pagefactory.internal.LocatingElementHandler.invoke(LocatingElementHandler.java:38)
at jdk.proxy2/jdk.proxy2.$Proxy25.click(Unknown Source)
at dsAlgo_PageFactory.Home_PageFactory.getStartedHomeBtnClick(Home_PageFactory.java:49)
at dsAlgo_StepDefinition.Home.the_user_is_on_the_sign_in_page(Home.java:123)
at ✽.The user is on the Sign In page(file:///C:/Users/rinuh/eclipse-workspace/DsAlgo_CodeCrackers/src/test/resources/features/A_Home.feature:46)
]]>
            </full-stacktrace>
          </exception> <!-- java.lang.NullPointerException -->
          <reporter-output>
          </reporter-output>
        </test-method> <!-- runScenario -->
        <test-method signature="runScenario(io.cucumber.testng.PickleWrapper,io.cucumber.testng.FeatureWrapper)[pri:0, instance:dsAlgo_TestRunner.TestRunner@5a18cd76]" started-at="2025-02-12T12:21:25 EST" name="runScenario" description="Runs Cucumber Scenarios" data-provider="scenarios" finished-at="2025-02-12T12:21:26 EST" duration-ms="24" status="FAIL">
          <params>
            <param index="0">
              <value>
                <![CDATA["Verify that the user is able to navigate to the home page"]]>
              </value>
            </param>
            <param index="1">
              <value>
                <![CDATA["Register Page"]]>
              </value>
            </param>
          </params>
          <exception class="java.lang.NullPointerException">
            <message>
              <![CDATA[Cannot invoke "org.openqa.selenium.WebDriver.get(String)" because "this.driver" is null]]>
            </message>
            <full-stacktrace>
              <![CDATA[java.lang.NullPointerException: Cannot invoke "org.openqa.selenium.WebDriver.get(String)" because "this.driver" is null
at dsAlgo_PageFactory.Home_PageFactory.launchURL(Home_PageFactory.java:45)
at dsAlgo_StepDefinition.Home.user_is_in_the_ds_algo_launch_page(Home.java:26)
at ✽.User is in the ds-algo launch page(file:///C:/Users/rinuh/eclipse-workspace/DsAlgo_CodeCrackers/src/test/resources/features/B_Register.feature:4)
]]>
            </full-stacktrace>
          </exception> <!-- java.lang.NullPointerException -->
          <reporter-output>
          </reporter-output>
        </test-method> <!-- runScenario -->
        <test-method signature="runScenario(io.cucumber.testng.PickleWrapper,io.cucumber.testng.FeatureWrapper)[pri:0, instance:dsAlgo_TestRunner.TestRunner@5a18cd76]" started-at="2025-02-12T12:21:26 EST" name="runScenario" description="Runs Cucumber Scenarios" data-provider="scenarios" finished-at="2025-02-12T12:21:26 EST" duration-ms="40" status="FAIL">
          <params>
            <param index="0">
              <value>
                <![CDATA["Verify that User is able to launch ds-algo portal"]]>
              </value>
            </param>
            <param index="1">
              <value>
                <![CDATA["Register Page"]]>
              </value>
            </param>
          </params>
          <exception class="java.lang.NullPointerException">
            <message>
              <![CDATA[Cannot invoke "org.openqa.selenium.WebDriver.manage()" because "this.driver" is null]]>
            </message>
            <full-stacktrace>
              <![CDATA[java.lang.NullPointerException: Cannot invoke "org.openqa.selenium.WebDriver.manage()" because "this.driver" is null
at dsAlgo_StepDefinition.Register.user_is_in_the_home_page_after_launching_ds_algo_portal_page(Register.java:37)
at ✽.User is in the home page after launching ds-algo portal page(file:///C:/Users/rinuh/eclipse-workspace/DsAlgo_CodeCrackers/src/test/resources/features/B_Register.feature:9)
]]>
            </full-stacktrace>
          </exception> <!-- java.lang.NullPointerException -->
          <reporter-output>
          </reporter-output>
        </test-method> <!-- runScenario -->
        <test-method signature="runScenario(io.cucumber.testng.PickleWrapper,io.cucumber.testng.FeatureWrapper)[pri:0, instance:dsAlgo_TestRunner.TestRunner@5a18cd76]" started-at="2025-02-12T12:21:26 EST" name="runScenario" description="Runs Cucumber Scenarios" data-provider="scenarios" finished-at="2025-02-12T12:21:26 EST" duration-ms="30" status="FAIL">
          <params>
            <param index="0">
              <value>
                <![CDATA["Verify that the user is able to enter username in the username field"]]>
              </value>
            </param>
            <param index="1">
              <value>
                <![CDATA["Register Page"]]>
              </value>
            </param>
          </params>
          <exception class="java.lang.NullPointerException">
            <message>
              <![CDATA[Cannot invoke "org.openqa.selenium.SearchContext.findElement(org.openqa.selenium.By)" because "this.searchContext" is null]]>
            </message>
            <full-stacktrace>
              <![CDATA[java.lang.NullPointerException: Cannot invoke "org.openqa.selenium.SearchContext.findElement(org.openqa.selenium.By)" because "this.searchContext" is null
at org.openqa.selenium.support.pagefactory.DefaultElementLocator.findElement(DefaultElementLocator.java:68)
at org.openqa.selenium.support.pagefactory.internal.LocatingElementHandler.invoke(LocatingElementHandler.java:38)
at jdk.proxy2/jdk.proxy2.$Proxy25.isDisplayed(Unknown Source)
at dsAlgo_PageFactory.Register_PageFactory.registerBtnDisplayed(Register_PageFactory.java:37)
at dsAlgo_StepDefinition.Register.user_is_in_the_register_page_after_clicking_register_link_in_the_home_page(Register.java:60)
at ✽.User is in the Register page after clicking Register link in the home page(file:///C:/Users/rinuh/eclipse-workspace/DsAlgo_CodeCrackers/src/test/resources/features/B_Register.feature:14)
]]>
            </full-stacktrace>
          </exception> <!-- java.lang.NullPointerException -->
          <reporter-output>
          </reporter-output>
        </test-method> <!-- runScenario -->
        <test-method signature="runScenario(io.cucumber.testng.PickleWrapper,io.cucumber.testng.FeatureWrapper)[pri:0, instance:dsAlgo_TestRunner.TestRunner@5a18cd76]" started-at="2025-02-12T12:21:26 EST" name="runScenario" description="Runs Cucumber Scenarios" data-provider="scenarios" finished-at="2025-02-12T12:21:26 EST" duration-ms="23" status="FAIL">
          <params>
            <param index="0">
              <value>
                <![CDATA["Verify that the user is able to enter username in the username field"]]>
              </value>
            </param>
            <param index="1">
              <value>
                <![CDATA["Register Page"]]>
              </value>
            </param>
          </params>
          <exception class="java.lang.NullPointerException">
            <message>
              <![CDATA[Cannot invoke "org.openqa.selenium.SearchContext.findElement(org.openqa.selenium.By)" because "this.searchContext" is null]]>
            </message>
            <full-stacktrace>
              <![CDATA[java.lang.NullPointerException: Cannot invoke "org.openqa.selenium.SearchContext.findElement(org.openqa.selenium.By)" because "this.searchContext" is null
at org.openqa.selenium.support.pagefactory.DefaultElementLocator.findElement(DefaultElementLocator.java:68)
at org.openqa.selenium.support.pagefactory.internal.LocatingElementHandler.invoke(LocatingElementHandler.java:38)
at jdk.proxy2/jdk.proxy2.$Proxy25.isDisplayed(Unknown Source)
at dsAlgo_PageFactory.Register_PageFactory.registerBtnDisplayed(Register_PageFactory.java:37)
at dsAlgo_StepDefinition.Register.user_is_in_the_register_page_after_clicking_register_link_in_the_home_page(Register.java:60)
at ✽.User is in the Register page after clicking Register link in the home page(file:///C:/Users/rinuh/eclipse-workspace/DsAlgo_CodeCrackers/src/test/resources/features/B_Register.feature:14)
]]>
            </full-stacktrace>
          </exception> <!-- java.lang.NullPointerException -->
          <reporter-output>
          </reporter-output>
        </test-method> <!-- runScenario -->
        <test-method signature="runScenario(io.cucumber.testng.PickleWrapper,io.cucumber.testng.FeatureWrapper)[pri:0, instance:dsAlgo_TestRunner.TestRunner@5a18cd76]" started-at="2025-02-12T12:21:26 EST" name="runScenario" description="Runs Cucumber Scenarios" data-provider="scenarios" finished-at="2025-02-12T12:21:26 EST" duration-ms="60" status="FAIL">
          <params>
            <param index="0">
              <value>
                <![CDATA["Verify that the user is able to enter username in the username field"]]>
              </value>
            </param>
            <param index="1">
              <value>
                <![CDATA["Register Page"]]>
              </value>
            </param>
          </params>
          <exception class="java.lang.NullPointerException">
            <message>
              <![CDATA[Cannot invoke "org.openqa.selenium.SearchContext.findElement(org.openqa.selenium.By)" because "this.searchContext" is null]]>
            </message>
            <full-stacktrace>
              <![CDATA[java.lang.NullPointerException: Cannot invoke "org.openqa.selenium.SearchContext.findElement(org.openqa.selenium.By)" because "this.searchContext" is null
at org.openqa.selenium.support.pagefactory.DefaultElementLocator.findElement(DefaultElementLocator.java:68)
at org.openqa.selenium.support.pagefactory.internal.LocatingElementHandler.invoke(LocatingElementHandler.java:38)
at jdk.proxy2/jdk.proxy2.$Proxy25.isDisplayed(Unknown Source)
at dsAlgo_PageFactory.Register_PageFactory.registerBtnDisplayed(Register_PageFactory.java:37)
at dsAlgo_StepDefinition.Register.user_is_in_the_register_page_after_clicking_register_link_in_the_home_page(Register.java:60)
at ✽.User is in the Register page after clicking Register link in the home page(file:///C:/Users/rinuh/eclipse-workspace/DsAlgo_CodeCrackers/src/test/resources/features/B_Register.feature:14)
]]>
            </full-stacktrace>
          </exception> <!-- java.lang.NullPointerException -->
          <reporter-output>
          </reporter-output>
        </test-method> <!-- runScenario -->
        <test-method signature="runScenario(io.cucumber.testng.PickleWrapper,io.cucumber.testng.FeatureWrapper)[pri:0, instance:dsAlgo_TestRunner.TestRunner@5a18cd76]" started-at="2025-02-12T12:21:26 EST" name="runScenario" description="Runs Cucumber Scenarios" data-provider="scenarios" finished-at="2025-02-12T12:21:26 EST" duration-ms="13" status="FAIL">
          <params>
            <param index="0">
              <value>
                <![CDATA["Verify that the user is able to enter username in the username field"]]>
              </value>
            </param>
            <param index="1">
              <value>
                <![CDATA["Register Page"]]>
              </value>
            </param>
          </params>
          <exception class="java.lang.NullPointerException">
            <message>
              <![CDATA[Cannot invoke "org.openqa.selenium.SearchContext.findElement(org.openqa.selenium.By)" because "this.searchContext" is null]]>
            </message>
            <full-stacktrace>
              <![CDATA[java.lang.NullPointerException: Cannot invoke "org.openqa.selenium.SearchContext.findElement(org.openqa.selenium.By)" because "this.searchContext" is null
at org.openqa.selenium.support.pagefactory.DefaultElementLocator.findElement(DefaultElementLocator.java:68)
at org.openqa.selenium.support.pagefactory.internal.LocatingElementHandler.invoke(LocatingElementHandler.java:38)
at jdk.proxy2/jdk.proxy2.$Proxy25.isDisplayed(Unknown Source)
at dsAlgo_PageFactory.Register_PageFactory.registerBtnDisplayed(Register_PageFactory.java:37)
at dsAlgo_StepDefinition.Register.user_is_in_the_register_page_after_clicking_register_link_in_the_home_page(Register.java:60)
at ✽.User is in the Register page after clicking Register link in the home page(file:///C:/Users/rinuh/eclipse-workspace/DsAlgo_CodeCrackers/src/test/resources/features/B_Register.feature:14)
]]>
            </full-stacktrace>
          </exception> <!-- java.lang.NullPointerException -->
          <reporter-output>
          </reporter-output>
        </test-method> <!-- runScenario -->
        <test-method signature="runScenario(io.cucumber.testng.PickleWrapper,io.cucumber.testng.FeatureWrapper)[pri:0, instance:dsAlgo_TestRunner.TestRunner@5a18cd76]" started-at="2025-02-12T12:21:26 EST" name="runScenario" description="Runs Cucumber Scenarios" data-provider="scenarios" finished-at="2025-02-12T12:21:26 EST" duration-ms="13" status="FAIL">
          <params>
            <param index="0">
              <value>
                <![CDATA["Verify that the user is able to get an error message when username (with special characters other than @) in the username field in the Register page is entered"]]>
              </value>
            </param>
            <param index="1">
              <value>
                <![CDATA["Register Page"]]>
              </value>
            </param>
          </params>
          <exception class="java.lang.NullPointerException">
            <message>
              <![CDATA[Cannot invoke "org.openqa.selenium.SearchContext.findElement(org.openqa.selenium.By)" because "this.searchContext" is null]]>
            </message>
            <full-stacktrace>
              <![CDATA[java.lang.NullPointerException: Cannot invoke "org.openqa.selenium.SearchContext.findElement(org.openqa.selenium.By)" because "this.searchContext" is null
at org.openqa.selenium.support.pagefactory.DefaultElementLocator.findElement(DefaultElementLocator.java:68)
at org.openqa.selenium.support.pagefactory.internal.LocatingElementHandler.invoke(LocatingElementHandler.java:38)
at jdk.proxy2/jdk.proxy2.$Proxy25.isDisplayed(Unknown Source)
at dsAlgo_PageFactory.Register_PageFactory.registerBtnDisplayed(Register_PageFactory.java:37)
at dsAlgo_StepDefinition.Register.user_is_in_the_register_page_after_clicking_register_link_in_the_home_page(Register.java:60)
at ✽.User is in the Register page after clicking Register link in the home page(file:///C:/Users/rinuh/eclipse-workspace/DsAlgo_CodeCrackers/src/test/resources/features/B_Register.feature:26)
]]>
            </full-stacktrace>
          </exception> <!-- java.lang.NullPointerException -->
          <reporter-output>
          </reporter-output>
        </test-method> <!-- runScenario -->
        <test-method signature="runScenario(io.cucumber.testng.PickleWrapper,io.cucumber.testng.FeatureWrapper)[pri:0, instance:dsAlgo_TestRunner.TestRunner@5a18cd76]" started-at="2025-02-12T12:21:26 EST" name="runScenario" description="Runs Cucumber Scenarios" data-provider="scenarios" finished-at="2025-02-12T12:21:26 EST" duration-ms="22" status="FAIL">
          <params>
            <param index="0">
              <value>
                <![CDATA["Verify that the user is able to get an error message when username (with special characters other than @) in the username field in the Register page is entered"]]>
              </value>
            </param>
            <param index="1">
              <value>
                <![CDATA["Register Page"]]>
              </value>
            </param>
          </params>
          <exception class="java.lang.NullPointerException">
            <message>
              <![CDATA[Cannot invoke "org.openqa.selenium.SearchContext.findElement(org.openqa.selenium.By)" because "this.searchContext" is null]]>
            </message>
            <full-stacktrace>
              <![CDATA[java.lang.NullPointerException: Cannot invoke "org.openqa.selenium.SearchContext.findElement(org.openqa.selenium.By)" because "this.searchContext" is null
at org.openqa.selenium.support.pagefactory.DefaultElementLocator.findElement(DefaultElementLocator.java:68)
at org.openqa.selenium.support.pagefactory.internal.LocatingElementHandler.invoke(LocatingElementHandler.java:38)
at jdk.proxy2/jdk.proxy2.$Proxy25.isDisplayed(Unknown Source)
at dsAlgo_PageFactory.Register_PageFactory.registerBtnDisplayed(Register_PageFactory.java:37)
at dsAlgo_StepDefinition.Register.user_is_in_the_register_page_after_clicking_register_link_in_the_home_page(Register.java:60)
at ✽.User is in the Register page after clicking Register link in the home page(file:///C:/Users/rinuh/eclipse-workspace/DsAlgo_CodeCrackers/src/test/resources/features/B_Register.feature:26)
]]>
            </full-stacktrace>
          </exception> <!-- java.lang.NullPointerException -->
          <reporter-output>
          </reporter-output>
        </test-method> <!-- runScenario -->
        <test-method signature="runScenario(io.cucumber.testng.PickleWrapper,io.cucumber.testng.FeatureWrapper)[pri:0, instance:dsAlgo_TestRunner.TestRunner@5a18cd76]" started-at="2025-02-12T12:21:26 EST" name="runScenario" description="Runs Cucumber Scenarios" data-provider="scenarios" finished-at="2025-02-12T12:21:26 EST" duration-ms="24" status="FAIL">
          <params>
            <param index="0">
              <value>
                <![CDATA["Verify that the user is able to enter password in the field"]]>
              </value>
            </param>
            <param index="1">
              <value>
                <![CDATA["Register Page"]]>
              </value>
            </param>
          </params>
          <exception class="java.lang.NullPointerException">
            <message>
              <![CDATA[Cannot invoke "org.openqa.selenium.SearchContext.findElement(org.openqa.selenium.By)" because "this.searchContext" is null]]>
            </message>
            <full-stacktrace>
              <![CDATA[java.lang.NullPointerException: Cannot invoke "org.openqa.selenium.SearchContext.findElement(org.openqa.selenium.By)" because "this.searchContext" is null
at org.openqa.selenium.support.pagefactory.DefaultElementLocator.findElement(DefaultElementLocator.java:68)
at org.openqa.selenium.support.pagefactory.internal.LocatingElementHandler.invoke(LocatingElementHandler.java:38)
at jdk.proxy2/jdk.proxy2.$Proxy25.isDisplayed(Unknown Source)
at dsAlgo_PageFactory.Register_PageFactory.registerBtnDisplayed(Register_PageFactory.java:37)
at dsAlgo_StepDefinition.Register.user_is_in_the_register_page_after_clicking_register_link_in_the_home_page(Register.java:60)
at ✽.User is in the Register page after clicking Register link in the home page(file:///C:/Users/rinuh/eclipse-workspace/DsAlgo_CodeCrackers/src/test/resources/features/B_Register.feature:38)
]]>
            </full-stacktrace>
          </exception> <!-- java.lang.NullPointerException -->
          <reporter-output>
          </reporter-output>
        </test-method> <!-- runScenario -->
        <test-method signature="runScenario(io.cucumber.testng.PickleWrapper,io.cucumber.testng.FeatureWrapper)[pri:0, instance:dsAlgo_TestRunner.TestRunner@5a18cd76]" started-at="2025-02-12T12:21:26 EST" name="runScenario" description="Runs Cucumber Scenarios" data-provider="scenarios" finished-at="2025-02-12T12:21:26 EST" duration-ms="22" status="FAIL">
          <params>
            <param index="0">
              <value>
                <![CDATA["Verify that the user is able to enter password in the field"]]>
              </value>
            </param>
            <param index="1">
              <value>
                <![CDATA["Register Page"]]>
              </value>
            </param>
          </params>
          <exception class="java.lang.NullPointerException">
            <message>
              <![CDATA[Cannot invoke "org.openqa.selenium.SearchContext.findElement(org.openqa.selenium.By)" because "this.searchContext" is null]]>
            </message>
            <full-stacktrace>
              <![CDATA[java.lang.NullPointerException: Cannot invoke "org.openqa.selenium.SearchContext.findElement(org.openqa.selenium.By)" because "this.searchContext" is null
at org.openqa.selenium.support.pagefactory.DefaultElementLocator.findElement(DefaultElementLocator.java:68)
at org.openqa.selenium.support.pagefactory.internal.LocatingElementHandler.invoke(LocatingElementHandler.java:38)
at jdk.proxy2/jdk.proxy2.$Proxy25.isDisplayed(Unknown Source)
at dsAlgo_PageFactory.Register_PageFactory.registerBtnDisplayed(Register_PageFactory.java:37)
at dsAlgo_StepDefinition.Register.user_is_in_the_register_page_after_clicking_register_link_in_the_home_page(Register.java:60)
at ✽.User is in the Register page after clicking Register link in the home page(file:///C:/Users/rinuh/eclipse-workspace/DsAlgo_CodeCrackers/src/test/resources/features/B_Register.feature:38)
]]>
            </full-stacktrace>
          </exception> <!-- java.lang.NullPointerException -->
          <reporter-output>
          </reporter-output>
        </test-method> <!-- runScenario -->
        <test-method signature="runScenario(io.cucumber.testng.PickleWrapper,io.cucumber.testng.FeatureWrapper)[pri:0, instance:dsAlgo_TestRunner.TestRunner@5a18cd76]" started-at="2025-02-12T12:21:26 EST" name="runScenario" description="Runs Cucumber Scenarios" data-provider="scenarios" finished-at="2025-02-12T12:21:26 EST" duration-ms="12" status="FAIL">
          <params>
            <param index="0">
              <value>
                <![CDATA["Verify that the user is able to enter password in the field"]]>
              </value>
            </param>
            <param index="1">
              <value>
                <![CDATA["Register Page"]]>
              </value>
            </param>
          </params>
          <exception class="java.lang.NullPointerException">
            <message>
              <![CDATA[Cannot invoke "org.openqa.selenium.SearchContext.findElement(org.openqa.selenium.By)" because "this.searchContext" is null]]>
            </message>
            <full-stacktrace>
              <![CDATA[java.lang.NullPointerException: Cannot invoke "org.openqa.selenium.SearchContext.findElement(org.openqa.selenium.By)" because "this.searchContext" is null
at org.openqa.selenium.support.pagefactory.DefaultElementLocator.findElement(DefaultElementLocator.java:68)
at org.openqa.selenium.support.pagefactory.internal.LocatingElementHandler.invoke(LocatingElementHandler.java:38)
at jdk.proxy2/jdk.proxy2.$Proxy25.isDisplayed(Unknown Source)
at dsAlgo_PageFactory.Register_PageFactory.registerBtnDisplayed(Register_PageFactory.java:37)
at dsAlgo_StepDefinition.Register.user_is_in_the_register_page_after_clicking_register_link_in_the_home_page(Register.java:60)
at ✽.User is in the Register page after clicking Register link in the home page(file:///C:/Users/rinuh/eclipse-workspace/DsAlgo_CodeCrackers/src/test/resources/features/B_Register.feature:38)
]]>
            </full-stacktrace>
          </exception> <!-- java.lang.NullPointerException -->
          <reporter-output>
          </reporter-output>
        </test-method> <!-- runScenario -->
        <test-method signature="runScenario(io.cucumber.testng.PickleWrapper,io.cucumber.testng.FeatureWrapper)[pri:0, instance:dsAlgo_TestRunner.TestRunner@5a18cd76]" started-at="2025-02-12T12:21:26 EST" name="runScenario" description="Runs Cucumber Scenarios" data-provider="scenarios" finished-at="2025-02-12T12:21:26 EST" duration-ms="12" status="FAIL">
          <params>
            <param index="0">
              <value>
                <![CDATA["Verify that the user is able to enter password in the field"]]>
              </value>
            </param>
            <param index="1">
              <value>
                <![CDATA["Register Page"]]>
              </value>
            </param>
          </params>
          <exception class="java.lang.NullPointerException">
            <message>
              <![CDATA[Cannot invoke "org.openqa.selenium.SearchContext.findElement(org.openqa.selenium.By)" because "this.searchContext" is null]]>
            </message>
            <full-stacktrace>
              <![CDATA[java.lang.NullPointerException: Cannot invoke "org.openqa.selenium.SearchContext.findElement(org.openqa.selenium.By)" because "this.searchContext" is null
at org.openqa.selenium.support.pagefactory.DefaultElementLocator.findElement(DefaultElementLocator.java:68)
at org.openqa.selenium.support.pagefactory.internal.LocatingElementHandler.invoke(LocatingElementHandler.java:38)
at jdk.proxy2/jdk.proxy2.$Proxy25.isDisplayed(Unknown Source)
at dsAlgo_PageFactory.Register_PageFactory.registerBtnDisplayed(Register_PageFactory.java:37)
at dsAlgo_StepDefinition.Register.user_is_in_the_register_page_after_clicking_register_link_in_the_home_page(Register.java:60)
at ✽.User is in the Register page after clicking Register link in the home page(file:///C:/Users/rinuh/eclipse-workspace/DsAlgo_CodeCrackers/src/test/resources/features/B_Register.feature:38)
]]>
            </full-stacktrace>
          </exception> <!-- java.lang.NullPointerException -->
          <reporter-output>
          </reporter-output>
        </test-method> <!-- runScenario -->
        <test-method signature="runScenario(io.cucumber.testng.PickleWrapper,io.cucumber.testng.FeatureWrapper)[pri:0, instance:dsAlgo_TestRunner.TestRunner@5a18cd76]" started-at="2025-02-12T12:21:26 EST" name="runScenario" description="Runs Cucumber Scenarios" data-provider="scenarios" finished-at="2025-02-12T12:21:26 EST" duration-ms="22" status="FAIL">
          <params>
            <param index="0">
              <value>
                <![CDATA["Verify that the user is able to get an error message"]]>
              </value>
            </param>
            <param index="1">
              <value>
                <![CDATA["Register Page"]]>
              </value>
            </param>
          </params>
          <exception class="java.lang.NullPointerException">
            <message>
              <![CDATA[Cannot invoke "org.openqa.selenium.SearchContext.findElement(org.openqa.selenium.By)" because "this.searchContext" is null]]>
            </message>
            <full-stacktrace>
              <![CDATA[java.lang.NullPointerException: Cannot invoke "org.openqa.selenium.SearchContext.findElement(org.openqa.selenium.By)" because "this.searchContext" is null
at org.openqa.selenium.support.pagefactory.DefaultElementLocator.findElement(DefaultElementLocator.java:68)
at org.openqa.selenium.support.pagefactory.internal.LocatingElementHandler.invoke(LocatingElementHandler.java:38)
at jdk.proxy2/jdk.proxy2.$Proxy25.isDisplayed(Unknown Source)
at dsAlgo_PageFactory.Register_PageFactory.registerBtnDisplayed(Register_PageFactory.java:37)
at dsAlgo_StepDefinition.Register.user_is_in_the_register_page_after_clicking_register_link_in_the_home_page(Register.java:60)
at ✽.User is in the Register page after clicking Register link in the home page(file:///C:/Users/rinuh/eclipse-workspace/DsAlgo_CodeCrackers/src/test/resources/features/B_Register.feature:50)
]]>
            </full-stacktrace>
          </exception> <!-- java.lang.NullPointerException -->
          <reporter-output>
          </reporter-output>
        </test-method> <!-- runScenario -->
        <test-method signature="runScenario(io.cucumber.testng.PickleWrapper,io.cucumber.testng.FeatureWrapper)[pri:0, instance:dsAlgo_TestRunner.TestRunner@5a18cd76]" started-at="2025-02-12T12:21:26 EST" name="runScenario" description="Runs Cucumber Scenarios" data-provider="scenarios" finished-at="2025-02-12T12:21:26 EST" duration-ms="16" status="FAIL">
          <params>
            <param index="0">
              <value>
                <![CDATA["Verify that the user is able to get an error message"]]>
              </value>
            </param>
            <param index="1">
              <value>
                <![CDATA["Register Page"]]>
              </value>
            </param>
          </params>
          <exception class="java.lang.NullPointerException">
            <message>
              <![CDATA[Cannot invoke "org.openqa.selenium.SearchContext.findElement(org.openqa.selenium.By)" because "this.searchContext" is null]]>
            </message>
            <full-stacktrace>
              <![CDATA[java.lang.NullPointerException: Cannot invoke "org.openqa.selenium.SearchContext.findElement(org.openqa.selenium.By)" because "this.searchContext" is null
at org.openqa.selenium.support.pagefactory.DefaultElementLocator.findElement(DefaultElementLocator.java:68)
at org.openqa.selenium.support.pagefactory.internal.LocatingElementHandler.invoke(LocatingElementHandler.java:38)
at jdk.proxy2/jdk.proxy2.$Proxy25.isDisplayed(Unknown Source)
at dsAlgo_PageFactory.Register_PageFactory.registerBtnDisplayed(Register_PageFactory.java:37)
at dsAlgo_StepDefinition.Register.user_is_in_the_register_page_after_clicking_register_link_in_the_home_page(Register.java:60)
at ✽.User is in the Register page after clicking Register link in the home page(file:///C:/Users/rinuh/eclipse-workspace/DsAlgo_CodeCrackers/src/test/resources/features/B_Register.feature:50)
]]>
            </full-stacktrace>
          </exception> <!-- java.lang.NullPointerException -->
          <reporter-output>
          </reporter-output>
        </test-method> <!-- runScenario -->
        <test-method signature="runScenario(io.cucumber.testng.PickleWrapper,io.cucumber.testng.FeatureWrapper)[pri:0, instance:dsAlgo_TestRunner.TestRunner@5a18cd76]" started-at="2025-02-12T12:21:26 EST" name="runScenario" description="Runs Cucumber Scenarios" data-provider="scenarios" finished-at="2025-02-12T12:21:26 EST" duration-ms="15" status="FAIL">
          <params>
            <param index="0">
              <value>
                <![CDATA["Verify that the user is able to get an error message"]]>
              </value>
            </param>
            <param index="1">
              <value>
                <![CDATA["Register Page"]]>
              </value>
            </param>
          </params>
          <exception class="java.lang.NullPointerException">
            <message>
              <![CDATA[Cannot invoke "org.openqa.selenium.SearchContext.findElement(org.openqa.selenium.By)" because "this.searchContext" is null]]>
            </message>
            <full-stacktrace>
              <![CDATA[java.lang.NullPointerException: Cannot invoke "org.openqa.selenium.SearchContext.findElement(org.openqa.selenium.By)" because "this.searchContext" is null
at org.openqa.selenium.support.pagefactory.DefaultElementLocator.findElement(DefaultElementLocator.java:68)
at org.openqa.selenium.support.pagefactory.internal.LocatingElementHandler.invoke(LocatingElementHandler.java:38)
at jdk.proxy2/jdk.proxy2.$Proxy25.isDisplayed(Unknown Source)
at dsAlgo_PageFactory.Register_PageFactory.registerBtnDisplayed(Register_PageFactory.java:37)
at dsAlgo_StepDefinition.Register.user_is_in_the_register_page_after_clicking_register_link_in_the_home_page(Register.java:60)
at ✽.User is in the Register page after clicking Register link in the home page(file:///C:/Users/rinuh/eclipse-workspace/DsAlgo_CodeCrackers/src/test/resources/features/B_Register.feature:50)
]]>
            </full-stacktrace>
          </exception> <!-- java.lang.NullPointerException -->
          <reporter-output>
          </reporter-output>
        </test-method> <!-- runScenario -->
        <test-method signature="runScenario(io.cucumber.testng.PickleWrapper,io.cucumber.testng.FeatureWrapper)[pri:0, instance:dsAlgo_TestRunner.TestRunner@5a18cd76]" started-at="2025-02-12T12:21:26 EST" name="runScenario" description="Runs Cucumber Scenarios" data-provider="scenarios" finished-at="2025-02-12T12:21:27 EST" duration-ms="858" status="FAIL">
          <params>
            <param index="0">
              <value>
                <![CDATA["Verify that the user is able to get a pop-up message when username, password and password confirmation field are left blank"]]>
              </value>
            </param>
            <param index="1">
              <value>
                <![CDATA["Register Page"]]>
              </value>
            </param>
          </params>
          <exception class="java.lang.NullPointerException">
            <message>
              <![CDATA[Cannot invoke "org.openqa.selenium.SearchContext.findElement(org.openqa.selenium.By)" because "this.searchContext" is null]]>
            </message>
            <full-stacktrace>
              <![CDATA[java.lang.NullPointerException: Cannot invoke "org.openqa.selenium.SearchContext.findElement(org.openqa.selenium.By)" because "this.searchContext" is null
at org.openqa.selenium.support.pagefactory.DefaultElementLocator.findElement(DefaultElementLocator.java:68)
at org.openqa.selenium.support.pagefactory.internal.LocatingElementHandler.invoke(LocatingElementHandler.java:38)
at jdk.proxy2/jdk.proxy2.$Proxy25.clear(Unknown Source)
at dsAlgo_StepDefinition.Register.the_user_enters_data_from_excel_sheet_and_for_all_the_fields_to_be_left_blank(Register.java:141)
at ✽.The user enters data from excel sheet 'Register' and 14 for all the fields to be left blank(file:///C:/Users/rinuh/eclipse-workspace/DsAlgo_CodeCrackers/src/test/resources/features/B_Register.feature:62)
]]>
            </full-stacktrace>
          </exception> <!-- java.lang.NullPointerException -->
          <reporter-output>
          </reporter-output>
        </test-method> <!-- runScenario -->
        <test-method signature="runScenario(io.cucumber.testng.PickleWrapper,io.cucumber.testng.FeatureWrapper)[pri:0, instance:dsAlgo_TestRunner.TestRunner@5a18cd76]" started-at="2025-02-12T12:21:27 EST" name="runScenario" description="Runs Cucumber Scenarios" data-provider="scenarios" finished-at="2025-02-12T12:21:27 EST" duration-ms="99" status="FAIL">
          <params>
            <param index="0">
              <value>
                <![CDATA["Verify that the user is able to get a pop-up message when username, password and password confirmation field are left blank"]]>
              </value>
            </param>
            <param index="1">
              <value>
                <![CDATA["Register Page"]]>
              </value>
            </param>
          </params>
          <exception class="java.lang.NullPointerException">
            <message>
              <![CDATA[Cannot invoke "org.openqa.selenium.SearchContext.findElement(org.openqa.selenium.By)" because "this.searchContext" is null]]>
            </message>
            <full-stacktrace>
              <![CDATA[java.lang.NullPointerException: Cannot invoke "org.openqa.selenium.SearchContext.findElement(org.openqa.selenium.By)" because "this.searchContext" is null
at org.openqa.selenium.support.pagefactory.DefaultElementLocator.findElement(DefaultElementLocator.java:68)
at org.openqa.selenium.support.pagefactory.internal.LocatingElementHandler.invoke(LocatingElementHandler.java:38)
at jdk.proxy2/jdk.proxy2.$Proxy25.clear(Unknown Source)
at dsAlgo_StepDefinition.Register.the_user_enters_data_from_excel_sheet_and_for_all_the_fields_to_be_left_blank(Register.java:141)
at ✽.The user enters data from excel sheet 'Register' and 15 for all the fields to be left blank(file:///C:/Users/rinuh/eclipse-workspace/DsAlgo_CodeCrackers/src/test/resources/features/B_Register.feature:62)
]]>
            </full-stacktrace>
          </exception> <!-- java.lang.NullPointerException -->
          <reporter-output>
          </reporter-output>
        </test-method> <!-- runScenario -->
        <test-method signature="runScenario(io.cucumber.testng.PickleWrapper,io.cucumber.testng.FeatureWrapper)[pri:0, instance:dsAlgo_TestRunner.TestRunner@5a18cd76]" started-at="2025-02-12T12:21:27 EST" name="runScenario" description="Runs Cucumber Scenarios" data-provider="scenarios" finished-at="2025-02-12T12:21:27 EST" duration-ms="51" status="FAIL">
          <params>
            <param index="0">
              <value>
                <![CDATA["Verify that the user is able to get a pop-up message when username, password and password confirmation field are left blank"]]>
              </value>
            </param>
            <param index="1">
              <value>
                <![CDATA["Register Page"]]>
              </value>
            </param>
          </params>
          <exception class="java.lang.NullPointerException">
            <message>
              <![CDATA[Cannot invoke "org.openqa.selenium.SearchContext.findElement(org.openqa.selenium.By)" because "this.searchContext" is null]]>
            </message>
            <full-stacktrace>
              <![CDATA[java.lang.NullPointerException: Cannot invoke "org.openqa.selenium.SearchContext.findElement(org.openqa.selenium.By)" because "this.searchContext" is null
at org.openqa.selenium.support.pagefactory.DefaultElementLocator.findElement(DefaultElementLocator.java:68)
at org.openqa.selenium.support.pagefactory.internal.LocatingElementHandler.invoke(LocatingElementHandler.java:38)
at jdk.proxy2/jdk.proxy2.$Proxy25.clear(Unknown Source)
at dsAlgo_StepDefinition.Register.the_user_enters_data_from_excel_sheet_and_for_all_the_fields_to_be_left_blank(Register.java:141)
at ✽.The user enters data from excel sheet 'Register' and 16 for all the fields to be left blank(file:///C:/Users/rinuh/eclipse-workspace/DsAlgo_CodeCrackers/src/test/resources/features/B_Register.feature:62)
]]>
            </full-stacktrace>
          </exception> <!-- java.lang.NullPointerException -->
          <reporter-output>
          </reporter-output>
        </test-method> <!-- runScenario -->
        <test-method signature="runScenario(io.cucumber.testng.PickleWrapper,io.cucumber.testng.FeatureWrapper)[pri:0, instance:dsAlgo_TestRunner.TestRunner@5a18cd76]" started-at="2025-02-12T12:21:27 EST" name="runScenario" description="Runs Cucumber Scenarios" data-provider="scenarios" finished-at="2025-02-12T12:21:27 EST" duration-ms="10" status="FAIL">
          <params>
            <param index="0">
              <value>
                <![CDATA["Verify that the user is able to naviagte to home page with the message"]]>
              </value>
            </param>
            <param index="1">
              <value>
                <![CDATA["Register Page"]]>
              </value>
            </param>
          </params>
          <exception class="java.lang.NullPointerException">
            <message>
              <![CDATA[Cannot invoke "org.openqa.selenium.WebDriver.manage()" because "this.driver" is null]]>
            </message>
            <full-stacktrace>
              <![CDATA[java.lang.NullPointerException: Cannot invoke "org.openqa.selenium.WebDriver.manage()" because "this.driver" is null
at dsAlgo_StepDefinition.Register.user_is_in_the_register_page_to_enter_username_password_and_password_confirmation(Register.java:162)
at ✽.User is in the Register page to enter username, password and password confirmation(file:///C:/Users/rinuh/eclipse-workspace/DsAlgo_CodeCrackers/src/test/resources/features/B_Register.feature:73)
]]>
            </full-stacktrace>
          </exception> <!-- java.lang.NullPointerException -->
          <reporter-output>
          </reporter-output>
        </test-method> <!-- runScenario -->
        <test-method signature="runScenario(io.cucumber.testng.PickleWrapper,io.cucumber.testng.FeatureWrapper)[pri:0, instance:dsAlgo_TestRunner.TestRunner@5a18cd76]" started-at="2025-02-12T12:21:27 EST" name="runScenario" description="Runs Cucumber Scenarios" data-provider="scenarios" finished-at="2025-02-12T12:21:27 EST" duration-ms="13" status="FAIL">
          <params>
            <param index="0">
              <value>
                <![CDATA["Verify that the user is able to navigate to the home page"]]>
              </value>
            </param>
            <param index="1">
              <value>
                <![CDATA["Login Functionality"]]>
              </value>
            </param>
          </params>
          <exception class="java.lang.NullPointerException">
            <message>
              <![CDATA[Cannot invoke "org.openqa.selenium.WebDriver.get(String)" because "this.driver" is null]]>
            </message>
            <full-stacktrace>
              <![CDATA[java.lang.NullPointerException: Cannot invoke "org.openqa.selenium.WebDriver.get(String)" because "this.driver" is null
at dsAlgo_PageFactory.Home_PageFactory.launchURL(Home_PageFactory.java:45)
at dsAlgo_StepDefinition.Home.user_is_in_the_ds_algo_launch_page(Home.java:26)
at ✽.User is in the ds-algo launch page(file:///C:/Users/rinuh/eclipse-workspace/DsAlgo_CodeCrackers/src/test/resources/features/C_Login.feature:4)
]]>
            </full-stacktrace>
          </exception> <!-- java.lang.NullPointerException -->
          <reporter-output>
          </reporter-output>
        </test-method> <!-- runScenario -->
        <test-method signature="runScenario(io.cucumber.testng.PickleWrapper,io.cucumber.testng.FeatureWrapper)[pri:0, instance:dsAlgo_TestRunner.TestRunner@5a18cd76]" started-at="2025-02-12T12:21:27 EST" name="runScenario" description="Runs Cucumber Scenarios" data-provider="scenarios" finished-at="2025-02-12T12:21:27 EST" duration-ms="12" status="FAIL">
          <params>
            <param index="0">
              <value>
                <![CDATA["Verify user enters username and password fields"]]>
              </value>
            </param>
            <param index="1">
              <value>
                <![CDATA["Login Functionality"]]>
              </value>
            </param>
          </params>
          <exception class="java.lang.NullPointerException">
            <message>
              <![CDATA[Cannot invoke "org.openqa.selenium.SearchContext.findElement(org.openqa.selenium.By)" because "this.searchContext" is null]]>
            </message>
            <full-stacktrace>
              <![CDATA[java.lang.NullPointerException: Cannot invoke "org.openqa.selenium.SearchContext.findElement(org.openqa.selenium.By)" because "this.searchContext" is null
at org.openqa.selenium.support.pagefactory.DefaultElementLocator.findElement(DefaultElementLocator.java:68)
at org.openqa.selenium.support.pagefactory.internal.LocatingElementHandler.invoke(LocatingElementHandler.java:38)
at jdk.proxy2/jdk.proxy2.$Proxy25.click(Unknown Source)
at dsAlgo_PageFactory.Login_PageFactory.signInClick(Login_PageFactory.java:30)
at dsAlgo_StepDefinition.Login.the_user_clicks_the_sign_in_link(Login.java:43)
at ✽.The user clicks the Sign In link(file:///C:/Users/rinuh/eclipse-workspace/DsAlgo_CodeCrackers/src/test/resources/features/C_Login.feature:9)
]]>
            </full-stacktrace>
          </exception> <!-- java.lang.NullPointerException -->
          <reporter-output>
          </reporter-output>
        </test-method> <!-- runScenario -->
        <test-method signature="runScenario(io.cucumber.testng.PickleWrapper,io.cucumber.testng.FeatureWrapper)[pri:0, instance:dsAlgo_TestRunner.TestRunner@5a18cd76]" started-at="2025-02-12T12:21:27 EST" name="runScenario" description="Runs Cucumber Scenarios" data-provider="scenarios" finished-at="2025-02-12T12:21:27 EST" duration-ms="12" status="FAIL">
          <params>
            <param index="0">
              <value>
                <![CDATA["Verify that user is able to sign out successfully"]]>
              </value>
            </param>
            <param index="1">
              <value>
                <![CDATA["Login Functionality"]]>
              </value>
            </param>
          </params>
          <exception class="java.lang.NullPointerException">
            <message>
              <![CDATA[Cannot invoke "org.openqa.selenium.SearchContext.findElement(org.openqa.selenium.By)" because "this.searchContext" is null]]>
            </message>
            <full-stacktrace>
              <![CDATA[java.lang.NullPointerException: Cannot invoke "org.openqa.selenium.SearchContext.findElement(org.openqa.selenium.By)" because "this.searchContext" is null
at org.openqa.selenium.support.pagefactory.DefaultElementLocator.findElement(DefaultElementLocator.java:68)
at org.openqa.selenium.support.pagefactory.internal.LocatingElementHandler.invoke(LocatingElementHandler.java:38)
at jdk.proxy2/jdk.proxy2.$Proxy25.isDisplayed(Unknown Source)
at dsAlgo_PageFactory.Login_PageFactory.signOutBtnDisplayed(Login_PageFactory.java:46)
at dsAlgo_StepDefinition.Login.the_user_is_in_the_home_page_after_sign_in(Login.java:98)
at ✽.The user is in the Home page after Sign In(file:///C:/Users/rinuh/eclipse-workspace/DsAlgo_CodeCrackers/src/test/resources/features/C_Login.feature:18)
]]>
            </full-stacktrace>
          </exception> <!-- java.lang.NullPointerException -->
          <reporter-output>
          </reporter-output>
        </test-method> <!-- runScenario -->
        <test-method signature="runScenario(io.cucumber.testng.PickleWrapper,io.cucumber.testng.FeatureWrapper)[pri:0, instance:dsAlgo_TestRunner.TestRunner@5a18cd76]" started-at="2025-02-12T12:21:27 EST" name="runScenario" description="Runs Cucumber Scenarios" data-provider="scenarios" finished-at="2025-02-12T12:21:27 EST" duration-ms="21" status="FAIL">
          <params>
            <param index="0">
              <value>
                <![CDATA["Verify user receives error message when username and password fields are blank during Login"]]>
              </value>
            </param>
            <param index="1">
              <value>
                <![CDATA["Login Functionality"]]>
              </value>
            </param>
          </params>
          <exception class="java.lang.NullPointerException">
            <message>
              <![CDATA[Cannot invoke "org.openqa.selenium.SearchContext.findElement(org.openqa.selenium.By)" because "this.searchContext" is null]]>
            </message>
            <full-stacktrace>
              <![CDATA[java.lang.NullPointerException: Cannot invoke "org.openqa.selenium.SearchContext.findElement(org.openqa.selenium.By)" because "this.searchContext" is null
at org.openqa.selenium.support.pagefactory.DefaultElementLocator.findElement(DefaultElementLocator.java:68)
at org.openqa.selenium.support.pagefactory.internal.LocatingElementHandler.invoke(LocatingElementHandler.java:38)
at jdk.proxy2/jdk.proxy2.$Proxy25.isDisplayed(Unknown Source)
at dsAlgo_PageFactory.Login_PageFactory.signInLoginBtnDisplayed(Login_PageFactory.java:34)
at dsAlgo_StepDefinition.Login.the_user_is_on_the_ds_algo_sign_in_page(Login.java:53)
at ✽.The user is on the DS Algo Sign In page(file:///C:/Users/rinuh/eclipse-workspace/DsAlgo_CodeCrackers/src/test/resources/features/C_Login.feature:23)
]]>
            </full-stacktrace>
          </exception> <!-- java.lang.NullPointerException -->
          <reporter-output>
          </reporter-output>
        </test-method> <!-- runScenario -->
        <test-method signature="runScenario(io.cucumber.testng.PickleWrapper,io.cucumber.testng.FeatureWrapper)[pri:0, instance:dsAlgo_TestRunner.TestRunner@5a18cd76]" started-at="2025-02-12T12:21:27 EST" name="runScenario" description="Runs Cucumber Scenarios" data-provider="scenarios" finished-at="2025-02-12T12:21:27 EST" duration-ms="31" status="FAIL">
          <params>
            <param index="0">
              <value>
                <![CDATA["Verify user receives error message when username and password fields are blank during Login"]]>
              </value>
            </param>
            <param index="1">
              <value>
                <![CDATA["Login Functionality"]]>
              </value>
            </param>
          </params>
          <exception class="java.lang.NullPointerException">
            <message>
              <![CDATA[Cannot invoke "org.openqa.selenium.SearchContext.findElement(org.openqa.selenium.By)" because "this.searchContext" is null]]>
            </message>
            <full-stacktrace>
              <![CDATA[java.lang.NullPointerException: Cannot invoke "org.openqa.selenium.SearchContext.findElement(org.openqa.selenium.By)" because "this.searchContext" is null
at org.openqa.selenium.support.pagefactory.DefaultElementLocator.findElement(DefaultElementLocator.java:68)
at org.openqa.selenium.support.pagefactory.internal.LocatingElementHandler.invoke(LocatingElementHandler.java:38)
at jdk.proxy2/jdk.proxy2.$Proxy25.isDisplayed(Unknown Source)
at dsAlgo_PageFactory.Login_PageFactory.signInLoginBtnDisplayed(Login_PageFactory.java:34)
at dsAlgo_StepDefinition.Login.the_user_is_on_the_ds_algo_sign_in_page(Login.java:53)
at ✽.The user is on the DS Algo Sign In page(file:///C:/Users/rinuh/eclipse-workspace/DsAlgo_CodeCrackers/src/test/resources/features/C_Login.feature:23)
]]>
            </full-stacktrace>
          </exception> <!-- java.lang.NullPointerException -->
          <reporter-output>
          </reporter-output>
        </test-method> <!-- runScenario -->
        <test-method signature="runScenario(io.cucumber.testng.PickleWrapper,io.cucumber.testng.FeatureWrapper)[pri:0, instance:dsAlgo_TestRunner.TestRunner@5a18cd76]" started-at="2025-02-12T12:21:27 EST" name="runScenario" description="Runs Cucumber Scenarios" data-provider="scenarios" finished-at="2025-02-12T12:21:27 EST" duration-ms="22" status="FAIL">
          <params>
            <param index="0">
              <value>
                <![CDATA["Verify user receives error message for Invalid Username and Password during Login"]]>
              </value>
            </param>
            <param index="1">
              <value>
                <![CDATA["Login Functionality"]]>
              </value>
            </param>
          </params>
          <exception class="java.lang.NullPointerException">
            <message>
              <![CDATA[Cannot invoke "org.openqa.selenium.SearchContext.findElement(org.openqa.selenium.By)" because "this.searchContext" is null]]>
            </message>
            <full-stacktrace>
              <![CDATA[java.lang.NullPointerException: Cannot invoke "org.openqa.selenium.SearchContext.findElement(org.openqa.selenium.By)" because "this.searchContext" is null
at org.openqa.selenium.support.pagefactory.DefaultElementLocator.findElement(DefaultElementLocator.java:68)
at org.openqa.selenium.support.pagefactory.internal.LocatingElementHandler.invoke(LocatingElementHandler.java:38)
at jdk.proxy2/jdk.proxy2.$Proxy25.click(Unknown Source)
at dsAlgo_PageFactory.Login_PageFactory.signInClick(Login_PageFactory.java:30)
at dsAlgo_StepDefinition.Login.the_user_gets_invalid_data_from_excel_sheet_and_for_the_login_page(Login.java:75)
at ✽.The user gets invalid data from excel sheet 'Login' and 3 for the login page(file:///C:/Users/rinuh/eclipse-workspace/DsAlgo_CodeCrackers/src/test/resources/features/C_Login.feature:33)
]]>
            </full-stacktrace>
          </exception> <!-- java.lang.NullPointerException -->
          <reporter-output>
          </reporter-output>
        </test-method> <!-- runScenario -->
        <test-method signature="runScenario(io.cucumber.testng.PickleWrapper,io.cucumber.testng.FeatureWrapper)[pri:0, instance:dsAlgo_TestRunner.TestRunner@5a18cd76]" started-at="2025-02-12T12:21:27 EST" name="runScenario" description="Runs Cucumber Scenarios" data-provider="scenarios" finished-at="2025-02-12T12:21:27 EST" duration-ms="13" status="FAIL">
          <params>
            <param index="0">
              <value>
                <![CDATA["Verify user receives error message for Invalid Username and Password during Login"]]>
              </value>
            </param>
            <param index="1">
              <value>
                <![CDATA["Login Functionality"]]>
              </value>
            </param>
          </params>
          <exception class="java.lang.NullPointerException">
            <message>
              <![CDATA[Cannot invoke "org.openqa.selenium.SearchContext.findElement(org.openqa.selenium.By)" because "this.searchContext" is null]]>
            </message>
            <full-stacktrace>
              <![CDATA[java.lang.NullPointerException: Cannot invoke "org.openqa.selenium.SearchContext.findElement(org.openqa.selenium.By)" because "this.searchContext" is null
at org.openqa.selenium.support.pagefactory.DefaultElementLocator.findElement(DefaultElementLocator.java:68)
at org.openqa.selenium.support.pagefactory.internal.LocatingElementHandler.invoke(LocatingElementHandler.java:38)
at jdk.proxy2/jdk.proxy2.$Proxy25.click(Unknown Source)
at dsAlgo_PageFactory.Login_PageFactory.signInClick(Login_PageFactory.java:30)
at dsAlgo_StepDefinition.Login.the_user_gets_invalid_data_from_excel_sheet_and_for_the_login_page(Login.java:75)
at ✽.The user gets invalid data from excel sheet 'Login' and 4 for the login page(file:///C:/Users/rinuh/eclipse-workspace/DsAlgo_CodeCrackers/src/test/resources/features/C_Login.feature:33)
]]>
            </full-stacktrace>
          </exception> <!-- java.lang.NullPointerException -->
          <reporter-output>
          </reporter-output>
        </test-method> <!-- runScenario -->
        <test-method signature="runScenario(io.cucumber.testng.PickleWrapper,io.cucumber.testng.FeatureWrapper)[pri:0, instance:dsAlgo_TestRunner.TestRunner@5a18cd76]" started-at="2025-02-12T12:21:27 EST" name="runScenario" description="Runs Cucumber Scenarios" data-provider="scenarios" finished-at="2025-02-12T12:21:27 EST" duration-ms="16" status="FAIL">
          <params>
            <param index="0">
              <value>
                <![CDATA["Verify user enters username and password for SignIn"]]>
              </value>
            </param>
            <param index="1">
              <value>
                <![CDATA["Login Functionality"]]>
              </value>
            </param>
          </params>
          <exception class="java.lang.NullPointerException">
            <message>
              <![CDATA[Cannot invoke "org.openqa.selenium.WebDriver.get(String)" because "this.driver" is null]]>
            </message>
            <full-stacktrace>
              <![CDATA[java.lang.NullPointerException: Cannot invoke "org.openqa.selenium.WebDriver.get(String)" because "this.driver" is null
at dsAlgo_PageFactory.Home_PageFactory.launchURL(Home_PageFactory.java:45)
at dsAlgo_StepDefinition.Login.the_user_clicks_the_sign_in_link_from_the_portal(Login.java:118)
at ✽.The user clicks the Sign In link from the portal(file:///C:/Users/rinuh/eclipse-workspace/DsAlgo_CodeCrackers/src/test/resources/features/C_Login.feature:42)
]]>
            </full-stacktrace>
          </exception> <!-- java.lang.NullPointerException -->
          <reporter-output>
          </reporter-output>
        </test-method> <!-- runScenario -->
        <test-method signature="runScenario(io.cucumber.testng.PickleWrapper,io.cucumber.testng.FeatureWrapper)[pri:0, instance:dsAlgo_TestRunner.TestRunner@5a18cd76]" started-at="2025-02-12T12:21:27 EST" name="runScenario" description="Runs Cucumber Scenarios" data-provider="scenarios" finished-at="2025-02-12T12:21:27 EST" duration-ms="21" status="FAIL">
          <params>
            <param index="0">
              <value>
                <![CDATA["Verify user enters username and password for SignIn"]]>
              </value>
            </param>
            <param index="1">
              <value>
                <![CDATA["Linked List Functionality"]]>
              </value>
            </param>
          </params>
          <exception class="java.lang.NullPointerException">
            <message>
              <![CDATA[Cannot invoke "org.openqa.selenium.WebDriver.get(String)" because "this.driver" is null]]>
            </message>
            <full-stacktrace>
              <![CDATA[java.lang.NullPointerException: Cannot invoke "org.openqa.selenium.WebDriver.get(String)" because "this.driver" is null
at dsAlgo_PageFactory.Home_PageFactory.launchURL(Home_PageFactory.java:45)
at dsAlgo_StepDefinition.Login.the_user_clicks_the_sign_in_link_from_the_portal(Login.java:118)
at ✽.The user clicks the Sign In link from the portal(file:///C:/Users/rinuh/eclipse-workspace/DsAlgo_CodeCrackers/src/test/resources/features/D_LinkedList.feature:4)
]]>
            </full-stacktrace>
          </exception> <!-- java.lang.NullPointerException -->
          <reporter-output>
          </reporter-output>
        </test-method> <!-- runScenario -->
        <test-method signature="runScenario(io.cucumber.testng.PickleWrapper,io.cucumber.testng.FeatureWrapper)[pri:0, instance:dsAlgo_TestRunner.TestRunner@5a18cd76]" started-at="2025-02-12T12:21:27 EST" name="runScenario" description="Runs Cucumber Scenarios" data-provider="scenarios" finished-at="2025-02-12T12:21:27 EST" duration-ms="49" status="FAIL">
          <params>
            <param index="0">
              <value>
                <![CDATA["Verify that the user is able to click on Get Started button under Linked List section"]]>
              </value>
            </param>
            <param index="1">
              <value>
                <![CDATA["Linked List Functionality"]]>
              </value>
            </param>
          </params>
          <exception class="java.lang.NullPointerException">
            <message>
              <![CDATA[Cannot invoke "org.openqa.selenium.WebDriver.getCurrentUrl()" because "this.driver" is null]]>
            </message>
            <full-stacktrace>
              <![CDATA[java.lang.NullPointerException: Cannot invoke "org.openqa.selenium.WebDriver.getCurrentUrl()" because "this.driver" is null
at dsAlgo_StepDefinition.LinkedList.user_clicks_on_the_get_started_button_under_linked_list_section(LinkedList.java:73)
at ✽.User clicks on the Get Started button under Linked List section(file:///C:/Users/rinuh/eclipse-workspace/DsAlgo_CodeCrackers/src/test/resources/features/D_LinkedList.feature:14)
]]>
            </full-stacktrace>
          </exception> <!-- java.lang.NullPointerException -->
          <reporter-output>
          </reporter-output>
        </test-method> <!-- runScenario -->
[...]
at dsAlgo_StepDefinition.LinkedList.the_user_checks_whether_the_types_of_linked_list_link_is_enabled(LinkedList.java:112)
at ✽.The user checks whether the Types of Linked List link is enabled(file:///C:/Users/rinuh/eclipse-workspace/DsAlgo_CodeCrackers/src/test/resources/features/D_LinkedList.feature:27)
]]>
            </full-stacktrace>
          </exception> <!-- java.lang.NullPointerException -->
          <reporter-output>
          </reporter-output>
        </test-method> <!-- runScenario -->
        <test-method signature="runScenario(io.cucumber.testng.PickleWrapper,io.cucumber.testng.FeatureWrapper)[pri:0, instance:dsAlgo_TestRunner.TestRunner@5a18cd76]" started-at="2025-02-12T12:21:27 EST" name="runScenario" description="Runs Cucumber Scenarios" data-provider="scenarios" finished-at="2025-02-12T12:21:27 EST" duration-ms="13" status="FAIL">
          <params>
            <param index="0">
              <value>
                <![CDATA["Verify that the Implement Linked List in Python link is enabled in the Linked List page"]]>
              </value>
            </param>
            <param index="1">
              <value>
                <![CDATA["Linked List Functionality"]]>
              </value>
            </param>
          </params>
          <exception class="java.lang.NullPointerException">
            <message>
              <![CDATA[Cannot invoke "org.openqa.selenium.SearchContext.findElement(org.openqa.selenium.By)" because "this.searchContext" is null]]>
            </message>
            <full-stacktrace>
              <![CDATA[java.lang.NullPointerException: Cannot invoke "org.openqa.selenium.SearchContext.findElement(org.openqa.selenium.By)" because "this.searchContext" is null
at org.openqa.selenium.support.pagefactory.DefaultElementLocator.findElement(DefaultElementLocator.java:68)
at org.openqa.selenium.support.pagefactory.internal.LocatingElementHandler.invoke(LocatingElementHandler.java:38)
at jdk.proxy2/jdk.proxy2.$Proxy25.isEnabled(Unknown Source)
at dsAlgo_PageFactory.LinkedList_PageFactory.implementLinkedListLinkEnabled(LinkedList_PageFactory.java:69)
at dsAlgo_StepDefinition.LinkedList.the_user_checks_whether_the_implement_linked_list_in_python_link_is_enabled(LinkedList.java:120)
at ✽.The user checks whether the Implement Linked List in Python link is enabled(file:///C:/Users/rinuh/eclipse-workspace/DsAlgo_CodeCrackers/src/test/resources/features/D_LinkedList.feature:31)
]]>
            </full-stacktrace>
          </exception> <!-- java.lang.NullPointerException -->
          <reporter-output>
          </reporter-output>
        </test-method> <!-- runScenario -->
        <test-method signature="runScenario(io.cucumber.testng.PickleWrapper,io.cucumber.testng.FeatureWrapper)[pri:0, instance:dsAlgo_TestRunner.TestRunner@5a18cd76]" started-at="2025-02-12T12:21:27 EST" name="runScenario" description="Runs Cucumber Scenarios" data-provider="scenarios" finished-at="2025-02-12T12:21:27 EST" duration-ms="17" status="FAIL">
          <params>
            <param index="0">
              <value>
                <![CDATA["Verify that the Traversal link is enabled in the Linked List page"]]>
              </value>
            </param>
            <param index="1">
              <value>
                <![CDATA["Linked List Functionality"]]>
              </value>
            </param>
          </params>
          <exception class="java.lang.NullPointerException">
            <message>
              <![CDATA[Cannot invoke "org.openqa.selenium.SearchContext.findElement(org.openqa.selenium.By)" because "this.searchContext" is null]]>
            </message>
            <full-stacktrace>
              <![CDATA[java.lang.NullPointerException: Cannot invoke "org.openqa.selenium.SearchContext.findElement(org.openqa.selenium.By)" because "this.searchContext" is null
at org.openqa.selenium.support.pagefactory.DefaultElementLocator.findElement(DefaultElementLocator.java:68)
at org.openqa.selenium.support.pagefactory.internal.LocatingElementHandler.invoke(LocatingElementHandler.java:38)
at jdk.proxy2/jdk.proxy2.$Proxy25.isEnabled(Unknown Source)
at dsAlgo_PageFactory.LinkedList_PageFactory.traversalLinkEnabled(LinkedList_PageFactory.java:72)
at dsAlgo_StepDefinition.LinkedList.the_user_checks_whether_the_traversal_link_is_enabled(LinkedList.java:128)
at ✽.The user checks whether the Traversal link is enabled(file:///C:/Users/rinuh/eclipse-workspace/DsAlgo_CodeCrackers/src/test/resources/features/D_LinkedList.feature:35)
]]>
            </full-stacktrace>
          </exception> <!-- java.lang.NullPointerException -->
          <reporter-output>
          </reporter-output>
        </test-method> <!-- runScenario -->
        <test-method signature="runScenario(io.cucumber.testng.PickleWrapper,io.cucumber.testng.FeatureWrapper)[pri:0, instance:dsAlgo_TestRunner.TestRunner@5a18cd76]" started-at="2025-02-12T12:21:27 EST" name="runScenario" description="Runs Cucumber Scenarios" data-provider="scenarios" finished-at="2025-02-12T12:21:27 EST" duration-ms="11" status="FAIL">
          <params>
            <param index="0">
              <value>
                <![CDATA["Verify that the Insertion link is enabled in the Linked List page"]]>
              </value>
            </param>
            <param index="1">
              <value>
                <![CDATA["Linked List Functionality"]]>
              </value>
            </param>
          </params>
          <exception class="java.lang.NullPointerException">
            <message>
              <![CDATA[Cannot invoke "org.openqa.selenium.SearchContext.findElement(org.openqa.selenium.By)" because "this.searchContext" is null]]>
            </message>
            <full-stacktrace>
              <![CDATA[java.lang.NullPointerException: Cannot invoke "org.openqa.selenium.SearchContext.findElement(org.openqa.selenium.By)" because "this.searchContext" is null
at org.openqa.selenium.support.pagefactory.DefaultElementLocator.findElement(DefaultElementLocator.java:68)
at org.openqa.selenium.support.pagefactory.internal.LocatingElementHandler.invoke(LocatingElementHandler.java:38)
at jdk.proxy2/jdk.proxy2.$Proxy25.isEnabled(Unknown Source)
at dsAlgo_PageFactory.LinkedList_PageFactory.insertionLinkEnabled(LinkedList_PageFactory.java:75)
at dsAlgo_StepDefinition.LinkedList.the_user_checks_whether_the_insertion_link_is_enabled(LinkedList.java:136)
at ✽.The user checks whether the Insertion link is enabled(file:///C:/Users/rinuh/eclipse-workspace/DsAlgo_CodeCrackers/src/test/resources/features/D_LinkedList.feature:39)
]]>
            </full-stacktrace>
          </exception> <!-- java.lang.NullPointerException -->
          <reporter-output>
          </reporter-output>
        </test-method> <!-- runScenario -->
        <test-method signature="runScenario(io.cucumber.testng.PickleWrapper,io.cucumber.testng.FeatureWrapper)[pri:0, instance:dsAlgo_TestRunner.TestRunner@5a18cd76]" started-at="2025-02-12T12:21:27 EST" name="runScenario" description="Runs Cucumber Scenarios" data-provider="scenarios" finished-at="2025-02-12T12:21:27 EST" duration-ms="13" status="FAIL">
          <params>
            <param index="0">
              <value>
                <![CDATA["Verify that the Deletion link is enabled in the Linked List page"]]>
              </value>
            </param>
            <param index="1">
              <value>
                <![CDATA["Linked List Functionality"]]>
              </value>
            </param>
          </params>
          <exception class="java.lang.NullPointerException">
            <message>
              <![CDATA[Cannot invoke "org.openqa.selenium.SearchContext.findElement(org.openqa.selenium.By)" because "this.searchContext" is null]]>
            </message>
            <full-stacktrace>
              <![CDATA[java.lang.NullPointerException: Cannot invoke "org.openqa.selenium.SearchContext.findElement(org.openqa.selenium.By)" because "this.searchContext" is null
at org.openqa.selenium.support.pagefactory.DefaultElementLocator.findElement(DefaultElementLocator.java:68)
at org.openqa.selenium.support.pagefactory.internal.LocatingElementHandler.invoke(LocatingElementHandler.java:38)
at jdk.proxy2/jdk.proxy2.$Proxy25.isEnabled(Unknown Source)
at dsAlgo_PageFactory.LinkedList_PageFactory.deletionLinkEnabled(LinkedList_PageFactory.java:78)
at dsAlgo_StepDefinition.LinkedList.the_user_checks_whether_the_deletion_link_is_enabled(LinkedList.java:144)
at ✽.The user checks whether the Deletion link is enabled(file:///C:/Users/rinuh/eclipse-workspace/DsAlgo_CodeCrackers/src/test/resources/features/D_LinkedList.feature:43)
]]>
            </full-stacktrace>
          </exception> <!-- java.lang.NullPointerException -->
          <reporter-output>
          </reporter-output>
        </test-method> <!-- runScenario -->
        <test-method signature="runScenario(io.cucumber.testng.PickleWrapper,io.cucumber.testng.FeatureWrapper)[pri:0, instance:dsAlgo_TestRunner.TestRunner@5a18cd76]" started-at="2025-02-12T12:21:27 EST" name="runScenario" description="Runs Cucumber Scenarios" data-provider="scenarios" finished-at="2025-02-12T12:21:27 EST" duration-ms="25" status="FAIL">
          <params>
            <param index="0">
              <value>
                <![CDATA["Verify that the user is able to navigate to Introduction page"]]>
              </value>
            </param>
            <param index="1">
              <value>
                <![CDATA["Linked List Functionality"]]>
              </value>
            </param>
          </params>
          <exception class="java.lang.NullPointerException">
            <message>
              <![CDATA[Cannot invoke "org.openqa.selenium.SearchContext.findElement(org.openqa.selenium.By)" because "this.searchContext" is null]]>
            </message>
            <full-stacktrace>
              <![CDATA[java.lang.NullPointerException: Cannot invoke "org.openqa.selenium.SearchContext.findElement(org.openqa.selenium.By)" because "this.searchContext" is null
at org.openqa.selenium.support.pagefactory.DefaultElementLocator.findElement(DefaultElementLocator.java:68)
at org.openqa.selenium.support.pagefactory.internal.LocatingElementHandler.invoke(LocatingElementHandler.java:38)
at jdk.proxy2/jdk.proxy2.$Proxy25.click(Unknown Source)
at dsAlgo_PageFactory.LinkedList_PageFactory.introductionLinkClick(LinkedList_PageFactory.java:81)
at dsAlgo_StepDefinition.LinkedList.the_user_clicks_introduction_link_in_the_linked_list_page(LinkedList.java:152)
at ✽.The user clicks Introduction link in the Linked List page(file:///C:/Users/rinuh/eclipse-workspace/DsAlgo_CodeCrackers/src/test/resources/features/D_LinkedList.feature:47)
]]>
            </full-stacktrace>
          </exception> <!-- java.lang.NullPointerException -->
          <reporter-output>
          </reporter-output>
        </test-method> <!-- runScenario -->
        <test-method signature="runScenario(io.cucumber.testng.PickleWrapper,io.cucumber.testng.FeatureWrapper)[pri:0, instance:dsAlgo_TestRunner.TestRunner@5a18cd76]" started-at="2025-02-12T12:21:27 EST" name="runScenario" description="Runs Cucumber Scenarios" data-provider="scenarios" finished-at="2025-02-12T12:21:27 EST" duration-ms="11" status="FAIL">
          <params>
            <param index="0">
              <value>
                <![CDATA["Verify that the user is able to navigate to Try Here >>> page for Introduction page"]]>
              </value>
            </param>
            <param index="1">
              <value>
                <![CDATA["Linked List Functionality"]]>
              </value>
            </param>
          </params>
          <exception class="java.lang.NullPointerException">
            <message>
              <![CDATA[Cannot invoke "org.openqa.selenium.SearchContext.findElement(org.openqa.selenium.By)" because "this.searchContext" is null]]>
            </message>
            <full-stacktrace>
              <![CDATA[java.lang.NullPointerException: Cannot invoke "org.openqa.selenium.SearchContext.findElement(org.openqa.selenium.By)" because "this.searchContext" is null
at org.openqa.selenium.support.pagefactory.DefaultElementLocator.findElement(DefaultElementLocator.java:68)
at org.openqa.selenium.support.pagefactory.internal.LocatingElementHandler.invoke(LocatingElementHandler.java:38)
at jdk.proxy2/jdk.proxy2.$Proxy25.isDisplayed(Unknown Source)
at dsAlgo_PageFactory.LinkedList_PageFactory.introductionTitleDisplayed(LinkedList_PageFactory.java:102)
at dsAlgo_StepDefinition.LinkedList.the_user_is_in_the_introduction_page(LinkedList.java:160)
at ✽.The user is in the Introduction page(file:///C:/Users/rinuh/eclipse-workspace/DsAlgo_CodeCrackers/src/test/resources/features/D_LinkedList.feature:51)
]]>
            </full-stacktrace>
          </exception> <!-- java.lang.NullPointerException -->
          <reporter-output>
          </reporter-output>
        </test-method> <!-- runScenario -->
        <test-method signature="runScenario(io.cucumber.testng.PickleWrapper,io.cucumber.testng.FeatureWrapper)[pri:0, instance:dsAlgo_TestRunner.TestRunner@5a18cd76]" started-at="2025-02-12T12:21:27 EST" name="runScenario" description="Runs Cucumber Scenarios" data-provider="scenarios" finished-at="2025-02-12T12:21:27 EST" duration-ms="52" status="FAIL">
          <params>
            <param index="0">
              <value>
                <![CDATA["Verify that the user is able to see output for valid, invalid and incorrect syntax Python code is entered for the Introduction page"]]>
              </value>
            </param>
            <param index="1">
              <value>
                <![CDATA["Linked List Functionality"]]>
              </value>
            </param>
          </params>
          <exception class="java.lang.NullPointerException">
            <message>
              <![CDATA[Cannot invoke "org.openqa.selenium.SearchContext.findElement(org.openqa.selenium.By)" because "this.searchContext" is null]]>
            </message>
            <full-stacktrace>
              <![CDATA[java.lang.NullPointerException: Cannot invoke "org.openqa.selenium.SearchContext.findElement(org.openqa.selenium.By)" because "this.searchContext" is null
at org.openqa.selenium.support.pagefactory.DefaultElementLocator.findElement(DefaultElementLocator.java:68)
at org.openqa.selenium.support.pagefactory.internal.LocatingElementHandler.invoke(LocatingElementHandler.java:38)
at jdk.proxy2/jdk.proxy2.$Proxy25.isDisplayed(Unknown Source)
at dsAlgo_PageFactory.LinkedList_PageFactory.runBtnDisplayed(LinkedList_PageFactory.java:129)
at dsAlgo_StepDefinition.LinkedList.the_user_is_in_the_try_editor_page_for_the_introduction_page(LinkedList.java:172)
at ✽.The user is in the Try Editor page for the Introduction page(file:///C:/Users/rinuh/eclipse-workspace/DsAlgo_CodeCrackers/src/test/resources/features/D_LinkedList.feature:56)
]]>
            </full-stacktrace>
          </exception> <!-- java.lang.NullPointerException -->
          <reporter-output>
          </reporter-output>
        </test-method> <!-- runScenario -->
        <test-method signature="runScenario(io.cucumber.testng.PickleWrapper,io.cucumber.testng.FeatureWrapper)[pri:0, instance:dsAlgo_TestRunner.TestRunner@5a18cd76]" started-at="2025-02-12T12:21:27 EST" name="runScenario" description="Runs Cucumber Scenarios" data-provider="scenarios" finished-at="2025-02-12T12:21:27 EST" duration-ms="13" status="FAIL">
          <params>
            <param index="0">
              <value>
                <![CDATA["Verify that the user is able to see output for valid, invalid and incorrect syntax Python code is entered for the Introduction page"]]>
              </value>
            </param>
            <param index="1">
              <value>
                <![CDATA["Linked List Functionality"]]>
              </value>
            </param>
          </params>
          <exception class="java.lang.NullPointerException">
            <message>
              <![CDATA[Cannot invoke "org.openqa.selenium.SearchContext.findElement(org.openqa.selenium.By)" because "this.searchContext" is null]]>
            </message>
            <full-stacktrace>
              <![CDATA[java.lang.NullPointerException: Cannot invoke "org.openqa.selenium.SearchContext.findElement(org.openqa.selenium.By)" because "this.searchContext" is null
at org.openqa.selenium.support.pagefactory.DefaultElementLocator.findElement(DefaultElementLocator.java:68)
at org.openqa.selenium.support.pagefactory.internal.LocatingElementHandler.invoke(LocatingElementHandler.java:38)
at jdk.proxy2/jdk.proxy2.$Proxy25.isDisplayed(Unknown Source)
at dsAlgo_PageFactory.LinkedList_PageFactory.runBtnDisplayed(LinkedList_PageFactory.java:129)
at dsAlgo_StepDefinition.LinkedList.the_user_is_in_the_try_editor_page_for_the_introduction_page(LinkedList.java:172)
at ✽.The user is in the Try Editor page for the Introduction page(file:///C:/Users/rinuh/eclipse-workspace/DsAlgo_CodeCrackers/src/test/resources/features/D_LinkedList.feature:56)
]]>
            </full-stacktrace>
          </exception> <!-- java.lang.NullPointerException -->
          <reporter-output>
          </reporter-output>
        </test-method> <!-- runScenario -->
        <test-method signature="runScenario(io.cucumber.testng.PickleWrapper,io.cucumber.testng.FeatureWrapper)[pri:0, instance:dsAlgo_TestRunner.TestRunner@5a18cd76]" started-at="2025-02-12T12:21:27 EST" name="runScenario" description="Runs Cucumber Scenarios" data-provider="scenarios" finished-at="2025-02-12T12:21:27 EST" duration-ms="20" status="FAIL">
          <params>
            <param index="0">
              <value>
                <![CDATA["Verify that the user is able to see output for valid, invalid and incorrect syntax Python code is entered for the Introduction page"]]>
              </value>
            </param>
            <param index="1">
              <value>
                <![CDATA["Linked List Functionality"]]>
              </value>
            </param>
          </params>
          <exception class="java.lang.NullPointerException">
            <message>
              <![CDATA[Cannot invoke "org.openqa.selenium.SearchContext.findElement(org.openqa.selenium.By)" because "this.searchContext" is null]]>
            </message>
            <full-stacktrace>
              <![CDATA[java.lang.NullPointerException: Cannot invoke "org.openqa.selenium.SearchContext.findElement(org.openqa.selenium.By)" because "this.searchContext" is null
at org.openqa.selenium.support.pagefactory.DefaultElementLocator.findElement(DefaultElementLocator.java:68)
at org.openqa.selenium.support.pagefactory.internal.LocatingElementHandler.invoke(LocatingElementHandler.java:38)
at jdk.proxy2/jdk.proxy2.$Proxy25.isDisplayed(Unknown Source)
at dsAlgo_PageFactory.LinkedList_PageFactory.runBtnDisplayed(LinkedList_PageFactory.java:129)
at dsAlgo_StepDefinition.LinkedList.the_user_is_in_the_try_editor_page_for_the_introduction_page(LinkedList.java:172)
at ✽.The user is in the Try Editor page for the Introduction page(file:///C:/Users/rinuh/eclipse-workspace/DsAlgo_CodeCrackers/src/test/resources/features/D_LinkedList.feature:56)
]]>
            </full-stacktrace>
          </exception> <!-- java.lang.NullPointerException -->
          <reporter-output>
          </reporter-output>
        </test-method> <!-- runScenario -->
        <test-method is-config="true" signature="tearDownClass()[pri:0, instance:dsAlgo_TestRunner.TestRunner@5a18cd76]" started-at="2025-02-12T12:21:27 EST" name="tearDownClass" finished-at="2025-02-12T12:21:27 EST" duration-ms="50" status="PASS">
          <reporter-output>
          </reporter-output>
        </test-method> <!-- tearDownClass -->
      </class> <!-- dsAlgo_TestRunner.TestRunner -->
    </test> <!-- Default test -->
  </suite> <!-- Default suite -->
</testng-results>
