<?xml version="1.0" encoding="UTF-8"?>
<!-- Generated by org.testng.reporters.JUnitReportReporter -->
<testsuite hostname="Dhivya" failures="0" tests="88" name="dsAlgo_TestRunner.TestRunner" time="46.748" errors="2" timestamp="2025-02-13T21:16:21 EST" skipped="0">
  <testcase classname="dsAlgo_TestRunner.TestRunner" name="runScenario" time="0.268"/>
  <testcase classname="dsAlgo_TestRunner.TestRunner" name="runScenario" time="0.455"/>
  <testcase classname="dsAlgo_TestRunner.TestRunner" name="runScenario" time="0.432"/>
  <testcase classname="dsAlgo_TestRunner.TestRunner" name="runScenario" time="2.339"/>
  <testcase classname="dsAlgo_TestRunner.TestRunner" name="runScenario" time="0.221"/>
  <testcase classname="dsAlgo_TestRunner.TestRunner" name="runScenario" time="0.200"/>
  <testcase classname="dsAlgo_TestRunner.TestRunner" name="runScenario" time="0.082"/>
  <testcase classname="dsAlgo_TestRunner.TestRunner" name="runScenario" time="0.081"/>
  <testcase classname="dsAlgo_TestRunner.TestRunner" name="runScenario" time="0.306"/>
  <testcase classname="dsAlgo_TestRunner.TestRunner" name="runScenario" time="0.176"/>
  <testcase classname="dsAlgo_TestRunner.TestRunner" name="runScenario" time="2.104">
    <error message="no such element: Unable to locate element: {&quot;method&quot;:&quot;link text&quot;,&quot;selector&quot;:&quot;Sign in&quot;}
  (Session info: chrome=131.0.6778.265)
For documentation on this error, please visit: https://www.selenium.dev/documentation/webdriver/troubleshooting/errors#no-such-element-exception
Build info: version: &#039;4.28.0&#039;, revision: &#039;ac342546e9&#039;
System info: os.name: &#039;Windows 11&#039;, os.arch: &#039;amd64&#039;, os.version: &#039;10.0&#039;, java.version: &#039;23.0.1&#039;
Driver info: org.openqa.selenium.chrome.ChromeDriver
Command: [aff08d1338e1eeab4183e223f150be86, findElement {using=link text, value=Sign in}]
Capabilities {acceptInsecureCerts: false, browserName: chrome, browserVersion: 131.0.6778.265, chrome: {chromedriverVersion: 131.0.6778.264 (2d05e315153..., userDataDir: C:\Users\rinuh\AppData\Loca...}, fedcm:accounts: true, goog:chromeOptions: {debuggerAddress: localhost:54484}, networkConnectionEnabled: false, pageLoadStrategy: normal, platformName: windows, proxy: Proxy(), se:cdp: ws://localhost:54484/devtoo..., se:cdpVersion: 131.0.6778.265, setWindowRect: true, strictFileInteractability: false, timeouts: {implicit: 0, pageLoad: 300000, script: 30000}, unhandledPromptBehavior: dismiss and notify, webauthn:extension:credBlob: true, webauthn:extension:largeBlob: true, webauthn:extension:minPinLength: true, webauthn:extension:prf: true, webauthn:virtualAuthenticators: true}
Session ID: aff08d1338e1eeab4183e223f150be86" type="org.openqa.selenium.NoSuchElementException">
      <![CDATA[org.openqa.selenium.NoSuchElementException: no such element: Unable to locate element: {"method":"link text","selector":"Sign in"}
  (Session info: chrome=131.0.6778.265)
For documentation on this error, please visit: https://www.selenium.dev/documentation/webdriver/troubleshooting/errors#no-such-element-exception
Build info: version: '4.28.0', revision: 'ac342546e9'
System info: os.name: 'Windows 11', os.arch: 'amd64', os.version: '10.0', java.version: '23.0.1'
Driver info: org.openqa.selenium.chrome.ChromeDriver
Command: [aff08d1338e1eeab4183e223f150be86, findElement {using=link text, value=Sign in}]
Capabilities {acceptInsecureCerts: false, browserName: chrome, browserVersion: 131.0.6778.265, chrome: {chromedriverVersion: 131.0.6778.264 (2d05e315153..., userDataDir: C:\Users\rinuh\AppData\Loca...}, fedcm:accounts: true, goog:chromeOptions: {debuggerAddress: localhost:54484}, networkConnectionEnabled: false, pageLoadStrategy: normal, platformName: windows, proxy: Proxy(), se:cdp: ws://localhost:54484/devtoo..., se:cdpVersion: 131.0.6778.265, setWindowRect: true, strictFileInteractability: false, timeouts: {implicit: 0, pageLoad: 300000, script: 30000}, unhandledPromptBehavior: dismiss and notify, webauthn:extension:credBlob: true, webauthn:extension:largeBlob: true, webauthn:extension:minPinLength: true, webauthn:extension:prf: true, webauthn:virtualAuthenticators: true}
Session ID: aff08d1338e1eeab4183e223f150be86
at java.base/jdk.internal.reflect.DirectConstructorHandleAccessor.newInstance(DirectConstructorHandleAccessor.java:62)
at java.base/java.lang.reflect.Constructor.newInstanceWithCaller(Constructor.java:501)
at java.base/java.lang.reflect.Constructor.newInstance(Constructor.java:485)
at org.openqa.selenium.remote.ErrorCodec.decode(ErrorCodec.java:167)
at org.openqa.selenium.remote.codec.w3c.W3CHttpResponseCodec.decode(W3CHttpResponseCodec.java:138)
at org.openqa.selenium.remote.codec.w3c.W3CHttpResponseCodec.decode(W3CHttpResponseCodec.java:50)
at org.openqa.selenium.remote.HttpCommandExecutor.execute(HttpCommandExecutor.java:215)
at org.openqa.selenium.remote.service.DriverCommandExecutor.invokeExecute(DriverCommandExecutor.java:216)
at org.openqa.selenium.remote.service.DriverCommandExecutor.execute(DriverCommandExecutor.java:174)
at org.openqa.selenium.remote.RemoteWebDriver.execute(RemoteWebDriver.java:545)
at org.openqa.selenium.remote.ElementLocation$ElementFinder$2.findElement(ElementLocation.java:165)
at org.openqa.selenium.remote.ElementLocation.findElement(ElementLocation.java:59)
at org.openqa.selenium.remote.RemoteWebDriver.findElement(RemoteWebDriver.java:368)
at org.openqa.selenium.remote.RemoteWebDriver.findElement(RemoteWebDriver.java:362)
at org.openqa.selenium.support.pagefactory.DefaultElementLocator.findElement(DefaultElementLocator.java:68)
at org.openqa.selenium.support.pagefactory.internal.LocatingElementHandler.invoke(LocatingElementHandler.java:38)
at jdk.proxy2/jdk.proxy2.$Proxy41.click(Unknown Source)
at dsAlgo_PageFactory.Login_PageFactory.signInClick(Login_PageFactory.java:30)
at dsAlgo_StepDefinition.Login.the_user_clicks_the_sign_in_link(Login.java:43)
at ✽.The user clicks the Sign In link(file:///C:/Users/rinuh/eclipse-workspace/DsAlgo_CodeCrackers/src/test/resources/features/Login.feature:9)
]]>
    </error>
  </testcase> <!-- runScenario -->
  <testcase classname="dsAlgo_TestRunner.TestRunner" name="runScenario" time="0.082"/>
  <testcase classname="dsAlgo_TestRunner.TestRunner" name="runScenario" time="0.180"/>
  <testcase classname="dsAlgo_TestRunner.TestRunner" name="runScenario" time="0.470"/>
  <testcase classname="dsAlgo_TestRunner.TestRunner" name="runScenario" time="0.321"/>
  <testcase classname="dsAlgo_TestRunner.TestRunner" name="runScenario" time="0.058"/>
  <testcase classname="dsAlgo_TestRunner.TestRunner" name="runScenario" time="0.050"/>
  <testcase classname="dsAlgo_TestRunner.TestRunner" name="runScenario" time="0.065"/>
  <testcase classname="dsAlgo_TestRunner.TestRunner" name="runScenario" time="0.073"/>
  <testcase classname="dsAlgo_TestRunner.TestRunner" name="runScenario" time="0.196"/>
  <testcase classname="dsAlgo_TestRunner.TestRunner" name="runScenario" time="0.153"/>
  <testcase classname="dsAlgo_TestRunner.TestRunner" name="runScenario" time="0.373"/>
  <testcase classname="dsAlgo_TestRunner.TestRunner" name="runScenario" time="0.155"/>
  <testcase classname="dsAlgo_TestRunner.TestRunner" name="runScenario" time="0.189"/>
  <testcase classname="dsAlgo_TestRunner.TestRunner" name="runScenario" time="0.072"/>
  <testcase classname="dsAlgo_TestRunner.TestRunner" name="runScenario" time="0.370"/>
  <testcase classname="dsAlgo_TestRunner.TestRunner" name="runScenario" time="0.367"/>
  <testcase classname="dsAlgo_TestRunner.TestRunner" name="runScenario" time="0.300"/>
  <testcase classname="dsAlgo_TestRunner.TestRunner" name="runScenario" time="1.297"/>
  <testcase classname="dsAlgo_TestRunner.TestRunner" name="runScenario" time="0.184"/>
  <testcase classname="dsAlgo_TestRunner.TestRunner" name="runScenario" time="0.141"/>
  <testcase classname="dsAlgo_TestRunner.TestRunner" name="runScenario" time="0.169"/>
  <testcase classname="dsAlgo_TestRunner.TestRunner" name="runScenario" time="0.307"/>
  <testcase classname="dsAlgo_TestRunner.TestRunner" name="runScenario" time="0.816"/>
  <testcase classname="dsAlgo_TestRunner.TestRunner" name="runScenario" time="0.070"/>
  <testcase classname="dsAlgo_TestRunner.TestRunner" name="runScenario" time="0.505"/>
  <testcase classname="dsAlgo_TestRunner.TestRunner" name="runScenario" time="3.519"/>
  <testcase classname="dsAlgo_TestRunner.TestRunner" name="runScenario" time="0.177"/>
  <testcase classname="dsAlgo_TestRunner.TestRunner" name="runScenario" time="0.254"/>
  <testcase classname="dsAlgo_TestRunner.TestRunner" name="runScenario" time="0.185"/>
  <testcase classname="dsAlgo_TestRunner.TestRunner" name="runScenario" time="0.095"/>
  <testcase classname="dsAlgo_TestRunner.TestRunner" name="runScenario" time="0.112"/>
  <testcase classname="dsAlgo_TestRunner.TestRunner" name="runScenario" time="3.403"/>
  <testcase classname="dsAlgo_TestRunner.TestRunner" name="runScenario" time="0.257"/>
  <testcase classname="dsAlgo_TestRunner.TestRunner" name="runScenario" time="0.308"/>
  <testcase classname="dsAlgo_TestRunner.TestRunner" name="runScenario" time="0.180"/>
  <testcase classname="dsAlgo_TestRunner.TestRunner" name="runScenario" time="0.139"/>
  <testcase classname="dsAlgo_TestRunner.TestRunner" name="runScenario" time="0.418"/>
  <testcase classname="dsAlgo_TestRunner.TestRunner" name="runScenario" time="3.325"/>
  <testcase classname="dsAlgo_TestRunner.TestRunner" name="runScenario" time="3.324"/>
  <testcase classname="dsAlgo_TestRunner.TestRunner" name="runScenario" time="0.306"/>
  <testcase classname="dsAlgo_TestRunner.TestRunner" name="runScenario" time="0.053"/>
  <testcase classname="dsAlgo_TestRunner.TestRunner" name="runScenario" time="0.176"/>
  <testcase classname="dsAlgo_TestRunner.TestRunner" name="runScenario" time="0.316"/>
  <testcase classname="dsAlgo_TestRunner.TestRunner" name="runScenario" time="0.140"/>
  <testcase classname="dsAlgo_TestRunner.TestRunner" name="runScenario" time="0.307"/>
  <testcase classname="dsAlgo_TestRunner.TestRunner" name="runScenario" time="0.625"/>
  <testcase classname="dsAlgo_TestRunner.TestRunner" name="runScenario" time="3.553"/>
  <testcase classname="dsAlgo_TestRunner.TestRunner" name="runScenario" time="0.359"/>
  <testcase classname="dsAlgo_TestRunner.TestRunner" name="runScenario" time="0.147"/>
  <testcase classname="dsAlgo_TestRunner.TestRunner" name="runScenario" time="0.170"/>
  <testcase classname="dsAlgo_TestRunner.TestRunner" name="runScenario" time="0.195"/>
  <testcase classname="dsAlgo_TestRunner.TestRunner" name="runScenario" time="0.279"/>
  <testcase classname="dsAlgo_TestRunner.TestRunner" name="runScenario" time="0.391"/>
  <testcase classname="dsAlgo_TestRunner.TestRunner" name="runScenario" time="0.168"/>
  <testcase classname="dsAlgo_TestRunner.TestRunner" name="runScenario" time="0.359"/>
  <testcase classname="dsAlgo_TestRunner.TestRunner" name="runScenario" time="0.207"/>
  <testcase classname="dsAlgo_TestRunner.TestRunner" name="runScenario" time="0.223"/>
  <testcase classname="dsAlgo_TestRunner.TestRunner" name="runScenario" time="0.057"/>
  <testcase classname="dsAlgo_TestRunner.TestRunner" name="runScenario" time="0.203"/>
  <testcase classname="dsAlgo_TestRunner.TestRunner" name="runScenario" time="0.459"/>
  <testcase classname="dsAlgo_TestRunner.TestRunner" name="runScenario" time="3.468">
    <error message="no such element: Unable to locate element: {&quot;method&quot;:&quot;xpath&quot;,&quot;selector&quot;:&quot;//div[contains(text(),&#039;Account Created&#039;)]&quot;}
  (Session info: chrome=131.0.6778.265)
For documentation on this error, please visit: https://www.selenium.dev/documentation/webdriver/troubleshooting/errors#no-such-element-exception
Build info: version: &#039;4.28.0&#039;, revision: &#039;ac342546e9&#039;
System info: os.name: &#039;Windows 11&#039;, os.arch: &#039;amd64&#039;, os.version: &#039;10.0&#039;, java.version: &#039;23.0.1&#039;
Driver info: org.openqa.selenium.chrome.ChromeDriver
Command: [aff08d1338e1eeab4183e223f150be86, findElement {using=xpath, value=//div[contains(text(),&#039;Account Created&#039;)]}]
Capabilities {acceptInsecureCerts: false, browserName: chrome, browserVersion: 131.0.6778.265, chrome: {chromedriverVersion: 131.0.6778.264 (2d05e315153..., userDataDir: C:\Users\rinuh\AppData\Loca...}, fedcm:accounts: true, goog:chromeOptions: {debuggerAddress: localhost:54484}, networkConnectionEnabled: false, pageLoadStrategy: normal, platformName: windows, proxy: Proxy(), se:cdp: ws://localhost:54484/devtoo..., se:cdpVersion: 131.0.6778.265, setWindowRect: true, strictFileInteractability: false, timeouts: {implicit: 0, pageLoad: 300000, script: 30000}, unhandledPromptBehavior: dismiss and notify, webauthn:extension:credBlob: true, webauthn:extension:largeBlob: true, webauthn:extension:minPinLength: true, webauthn:extension:prf: true, webauthn:virtualAuthenticators: true}
Session ID: aff08d1338e1eeab4183e223f150be86" type="org.openqa.selenium.NoSuchElementException">
      <![CDATA[org.openqa.selenium.NoSuchElementException: no such element: Unable to locate element: {"method":"xpath","selector":"//div[contains(text(),'Account Created')]"}
  (Session info: chrome=131.0.6778.265)
For documentation on this error, please visit: https://www.selenium.dev/documentation/webdriver/troubleshooting/errors#no-such-element-exception
Build info: version: '4.28.0', revision: 'ac342546e9'
System info: os.name: 'Windows 11', os.arch: 'amd64', os.version: '10.0', java.version: '23.0.1'
Driver info: org.openqa.selenium.chrome.ChromeDriver
Command: [aff08d1338e1eeab4183e223f150be86, findElement {using=xpath, value=//div[contains(text(),'Account Created')]}]
Capabilities {acceptInsecureCerts: false, browserName: chrome, browserVersion: 131.0.6778.265, chrome: {chromedriverVersion: 131.0.6778.264 (2d05e315153..., userDataDir: C:\Users\rinuh\AppData\Loca...}, fedcm:accounts: true, goog:chromeOptions: {debuggerAddress: localhost:54484}, networkConnectionEnabled: false, pageLoadStrategy: normal, platformName: windows, proxy: Proxy(), se:cdp: ws://localhost:54484/devtoo..., se:cdpVersion: 131.0.6778.265, setWindowRect: true, strictFileInteractability: false, timeouts: {implicit: 0, pageLoad: 300000, script: 30000}, unhandledPromptBehavior: dismiss and notify, webauthn:extension:credBlob: true, webauthn:extension:largeBlob: true, webauthn:extension:minPinLength: true, webauthn:extension:prf: true, webauthn:virtualAuthenticators: true}
Session ID: aff08d1338e1eeab4183e223f150be86
at java.base/jdk.internal.reflect.DirectConstructorHandleAccessor.newInstance(DirectConstructorHandleAccessor.java:62)
at java.base/java.lang.reflect.Constructor.newInstanceWithCaller(Constructor.java:501)
at java.base/java.lang.reflect.Constructor.newInstance(Constructor.java:485)
at org.openqa.selenium.remote.ErrorCodec.decode(ErrorCodec.java:167)
at org.openqa.selenium.remote.codec.w3c.W3CHttpResponseCodec.decode(W3CHttpResponseCodec.java:138)
at org.openqa.selenium.remote.codec.w3c.W3CHttpResponseCodec.decode(W3CHttpResponseCodec.java:50)
at org.openqa.selenium.remote.HttpCommandExecutor.execute(HttpCommandExecutor.java:215)
at org.openqa.selenium.remote.service.DriverCommandExecutor.invokeExecute(DriverCommandExecutor.java:216)
at org.openqa.selenium.remote.service.DriverCommandExecutor.execute(DriverCommandExecutor.java:174)
at org.openqa.selenium.remote.RemoteWebDriver.execute(RemoteWebDriver.java:545)
at org.openqa.selenium.remote.ElementLocation$ElementFinder$2.findElement(ElementLocation.java:165)
at org.openqa.selenium.remote.ElementLocation.findElement(ElementLocation.java:59)
at org.openqa.selenium.remote.RemoteWebDriver.findElement(RemoteWebDriver.java:368)
at org.openqa.selenium.remote.RemoteWebDriver.findElement(RemoteWebDriver.java:362)
at org.openqa.selenium.support.pagefactory.DefaultElementLocator.findElement(DefaultElementLocator.java:68)
at org.openqa.selenium.support.pagefactory.internal.LocatingElementHandler.invoke(LocatingElementHandler.java:38)
at jdk.proxy2/jdk.proxy2.$Proxy41.getText(Unknown Source)
at dsAlgo_PageFactory.Register_PageFactory.successMessageDisplayed(Register_PageFactory.java:57)
at dsAlgo_StepDefinition.Register.user_should_be_able_to_naviagte_to_home_page_and_get_the_success_message(Register.java:180)
at ✽.User should be able to naviagte to home page and get the success message(file:///C:/Users/rinuh/eclipse-workspace/DsAlgo_CodeCrackers/src/test/resources/features/Register.feature:75)
]]>
    </error>
  </testcase> <!-- runScenario -->
  <testcase classname="dsAlgo_TestRunner.TestRunner" name="runScenario" time="0.179"/>
  <testcase classname="dsAlgo_TestRunner.TestRunner" name="runScenario" time="0.210"/>
  <testcase classname="dsAlgo_TestRunner.TestRunner" name="runScenario" time="1.908"/>
  <testcase classname="dsAlgo_TestRunner.TestRunner" name="runScenario" time="0.160"/>
  <testcase classname="dsAlgo_TestRunner.TestRunner" name="runScenario" time="0.491"/>
  <testcase classname="dsAlgo_TestRunner.TestRunner" name="runScenario" time="0.168"/>
  <testcase classname="dsAlgo_TestRunner.TestRunner" name="runScenario" time="0.058"/>
  <testcase classname="dsAlgo_TestRunner.TestRunner" name="runScenario" time="0.373"/>
  <testcase classname="dsAlgo_TestRunner.TestRunner" name="runScenario" time="0.277"/>
  <testcase classname="dsAlgo_TestRunner.TestRunner" name="runScenario" time="0.252"/>
  <testcase classname="dsAlgo_TestRunner.TestRunner" name="runScenario" time="0.239"/>
  <testcase classname="dsAlgo_TestRunner.TestRunner" name="runScenario" time="0.331"/>
  <testcase classname="dsAlgo_TestRunner.TestRunner" name="runScenario" time="0.147"/>
  <testcase classname="dsAlgo_TestRunner.TestRunner" name="runScenario" time="0.059"/>
  <testcase classname="dsAlgo_TestRunner.TestRunner" name="runScenario" time="0.190"/>
  <testcase classname="dsAlgo_TestRunner.TestRunner" name="runScenario" time="0.222"/>
</testsuite> <!-- dsAlgo_TestRunner.TestRunner -->
